2021/12/06 00:03:52: Peer 1003 has the preferred neighbors .
2021/12/06 00:03:52: Peer 1003 makes a connection to Peer 1001.
2021/12/06 00:03:52: Peer 1003 makes a connection to Peer 1002.
2021/12/06 00:03:52: Peer 1003 received the ‘not interested’ message from 1001.
2021/12/06 00:03:52: Peer 1003 received the ‘not interested’ message from 1002.
2021/12/06 00:03:53: Peer 1003 is unchoked by 1001.
2021/12/06 00:03:53: Peer 1003 received the  ‘have’ message from 1002 for the piece 63.
2021/12/06 00:03:53: Peer 1003 has downloaded the piece 2 from 1001. Now the number of pieces it has is 1.
2021/12/06 00:03:53: Peer 1003 received the  ‘have’ message from 1002 for the piece 280.
2021/12/06 00:03:53: Peer 1003 has downloaded the piece 99 from 1001. Now the number of pieces it has is 2.
2021/12/06 00:03:53: Peer 1003 has downloaded the piece 144 from 1001. Now the number of pieces it has is 3.
2021/12/06 00:03:53: Peer 1003 received the  ‘have’ message from 1002 for the piece 80.
2021/12/06 00:03:53: Peer 1003 received the  ‘have’ message from 1002 for the piece 17.
2021/12/06 00:03:53: Peer 1003 has downloaded the piece 279 from 1001. Now the number of pieces it has is 4.
2021/12/06 00:03:53: Peer 1003 received the  ‘have’ message from 1002 for the piece 66.
2021/12/06 00:03:53: Peer 1003 has downloaded the piece 248 from 1001. Now the number of pieces it has is 5.
2021/12/06 00:03:53: Peer 1003 received the  ‘have’ message from 1002 for the piece 163.
2021/12/06 00:03:53: Peer 1003 has downloaded the piece 147 from 1001. Now the number of pieces it has is 6.
2021/12/06 00:03:53: Peer 1003 received the  ‘have’ message from 1002 for the piece 242.
2021/12/06 00:03:53: Peer 1003 has downloaded the piece 241 from 1001. Now the number of pieces it has is 7.
2021/12/06 00:03:53: Peer 1003 received the  ‘have’ message from 1002 for the piece 141.
2021/12/06 00:03:53: Peer 1003 has downloaded the piece 173 from 1001. Now the number of pieces it has is 8.
2021/12/06 00:03:53: Peer 1003 received the  ‘have’ message from 1002 for the piece 236.
2021/12/06 00:03:53: Peer 1003 has downloaded the piece 112 from 1001. Now the number of pieces it has is 9.
2021/12/06 00:03:53: Peer 1003 received the  ‘have’ message from 1002 for the piece 156.
2021/12/06 00:03:53: Peer 1003 has downloaded the piece 261 from 1001. Now the number of pieces it has is 10.
2021/12/06 00:03:53: Peer 1003 has downloaded the piece 10 from 1001. Now the number of pieces it has is 11.
2021/12/06 00:03:53: Peer 1003 received the  ‘have’ message from 1002 for the piece 273.
2021/12/06 00:03:53: Peer 1003 has downloaded the piece 105 from 1001. Now the number of pieces it has is 12.
2021/12/06 00:03:53: Peer 1003 received the  ‘have’ message from 1002 for the piece 263.
2021/12/06 00:03:53: Peer 1003 has downloaded the piece 178 from 1001. Now the number of pieces it has is 13.
2021/12/06 00:03:53: Peer 1003 received the  ‘have’ message from 1002 for the piece 36.
2021/12/06 00:03:53: Peer 1003 has the preferred neighbors .
2021/12/06 00:03:53: Peer 1003 has downloaded the piece 122 from 1001. Now the number of pieces it has is 14.
2021/12/06 00:03:53: Peer 1003 received the  ‘have’ message from 1002 for the piece 72.
2021/12/06 00:03:53: Peer 1003 has downloaded the piece 272 from 1001. Now the number of pieces it has is 15.
2021/12/06 00:03:53: Peer 1003 received the  ‘have’ message from 1002 for the piece 115.
2021/12/06 00:03:53: Peer 1003 has downloaded the piece 45 from 1001. Now the number of pieces it has is 16.
2021/12/06 00:03:53: Peer 1003 received the  ‘have’ message from 1002 for the piece 61.
2021/12/06 00:03:53: Peer 1003 has downloaded the piece 12 from 1001. Now the number of pieces it has is 17.
2021/12/06 00:03:53: Peer 1003 received the  ‘have’ message from 1002 for the piece 267.
2021/12/06 00:03:53: Peer 1003 has downloaded the piece 71 from 1001. Now the number of pieces it has is 18.
2021/12/06 00:03:53: Peer 1003 received the  ‘have’ message from 1002 for the piece 70.
2021/12/06 00:03:53: Peer 1003 has downloaded the piece 58 from 1001. Now the number of pieces it has is 19.
2021/12/06 00:03:53: Peer 1003 received the  ‘have’ message from 1002 for the piece 53.
2021/12/06 00:03:53: Peer 1003 has downloaded the piece 266 from 1001. Now the number of pieces it has is 20.
2021/12/06 00:03:53: Peer 1003 received the  ‘have’ message from 1002 for the piece 100.
2021/12/06 00:03:53: Peer 1003 makes a connection to Peer 1004.
2021/12/06 00:03:53: Peer 1003 has downloaded the piece 193 from 1001. Now the number of pieces it has is 21.
2021/12/06 00:03:53: Peer 1003 received the  ‘have’ message from 1002 for the piece 34.
2021/12/06 00:03:53: Peer 1003 has downloaded the piece 123 from 1001. Now the number of pieces it has is 22.
2021/12/06 00:03:53: Peer 1003 received the  ‘have’ message from 1002 for the piece 175.
2021/12/06 00:03:53: Peer 1003 received the ‘interested’ message from 1004.
2021/12/06 00:03:53: Peer 1003 has downloaded the piece 79 from 1001. Now the number of pieces it has is 23.
2021/12/06 00:03:54: Peer 1003 has downloaded the piece 85 from 1001. Now the number of pieces it has is 24.
2021/12/06 00:03:54: Peer 1003 received the  ‘have’ message from 1002 for the piece 140.
2021/12/06 00:03:54: Peer 1003 received the  ‘have’ message from 1002 for the piece 203.
2021/12/06 00:03:54: Peer 1003 has downloaded the piece 207 from 1001. Now the number of pieces it has is 25.
2021/12/06 00:03:54: Peer 1003 received the  ‘have’ message from 1002 for the piece 107.
2021/12/06 00:03:54: Peer 1003 has downloaded the piece 110 from 1001. Now the number of pieces it has is 26.
2021/12/06 00:03:54: Peer 1003 has downloaded the piece 102 from 1001. Now the number of pieces it has is 27.
2021/12/06 00:03:54: Peer 1003 received the  ‘have’ message from 1002 for the piece 129.
2021/12/06 00:03:54: Peer 1003 has downloaded the piece 152 from 1001. Now the number of pieces it has is 28.
2021/12/06 00:03:54: Peer 1003 received the  ‘have’ message from 1002 for the piece 11.
2021/12/06 00:03:54: Peer 1003 received the  ‘have’ message from 1002 for the piece 154.
2021/12/06 00:03:54: Peer 1003 has downloaded the piece 15 from 1001. Now the number of pieces it has is 29.
2021/12/06 00:03:54: Peer 1003 received the  ‘have’ message from 1002 for the piece 112.
2021/12/06 00:03:54: Peer 1003 has downloaded the piece 63 from 1001. Now the number of pieces it has is 30.
2021/12/06 00:03:54: Peer 1003 received the  ‘have’ message from 1002 for the piece 110.
2021/12/06 00:03:54: Peer 1003 has downloaded the piece 8 from 1001. Now the number of pieces it has is 31.
2021/12/06 00:03:54: Peer 1003 received the  ‘have’ message from 1002 for the piece 274.
2021/12/06 00:03:54: Peer 1003 received the  ‘have’ message from 1004 for the piece 153.
2021/12/06 00:03:54: Peer 1003 has downloaded the piece 4 from 1001. Now the number of pieces it has is 32.
2021/12/06 00:03:54: Peer 1003 received the  ‘have’ message from 1002 for the piece 164.
2021/12/06 00:03:54: Peer 1003 received the  ‘have’ message from 1004 for the piece 237.
2021/12/06 00:03:54: Peer 1003 has downloaded the piece 3 from 1001. Now the number of pieces it has is 33.
2021/12/06 00:03:54: Peer 1003 received the  ‘have’ message from 1004 for the piece 11.
2021/12/06 00:03:54: Peer 1003 received the  ‘have’ message from 1002 for the piece 243.
2021/12/06 00:03:54: Peer 1003 has downloaded the piece 39 from 1001. Now the number of pieces it has is 34.
2021/12/06 00:03:54: Peer 1003 received the  ‘have’ message from 1004 for the piece 222.
2021/12/06 00:03:54: Peer 1003 received the  ‘have’ message from 1002 for the piece 58.
2021/12/06 00:03:54: Peer 1003 received the  ‘have’ message from 1004 for the piece 177.
2021/12/06 00:03:54: Peer 1003 has downloaded the piece 256 from 1001. Now the number of pieces it has is 35.
2021/12/06 00:03:54: Peer 1003 received the  ‘have’ message from 1002 for the piece 124.
2021/12/06 00:03:54: Peer 1003 received the  ‘have’ message from 1004 for the piece 156.
2021/12/06 00:03:54: Peer 1003 has downloaded the piece 251 from 1001. Now the number of pieces it has is 36.
2021/12/06 00:03:54: Peer 1003 received the  ‘have’ message from 1004 for the piece 255.
2021/12/06 00:03:54: Peer 1003 received the  ‘have’ message from 1002 for the piece 228.
2021/12/06 00:03:54: Peer 1003 has downloaded the piece 186 from 1001. Now the number of pieces it has is 37.
2021/12/06 00:03:54: Peer 1003 received the  ‘have’ message from 1002 for the piece 248.
2021/12/06 00:03:54: Peer 1003 has downloaded the piece 65 from 1001. Now the number of pieces it has is 38.
2021/12/06 00:03:54: Peer 1003 received the  ‘have’ message from 1004 for the piece 108.
2021/12/06 00:03:54: Peer 1003 received the  ‘have’ message from 1002 for the piece 202.
2021/12/06 00:03:54: Peer 1003 received the  ‘have’ message from 1004 for the piece 249.
2021/12/06 00:03:54: Peer 1003 has downloaded the piece 66 from 1001. Now the number of pieces it has is 39.
2021/12/06 00:03:54: Peer 1003 received the  ‘have’ message from 1004 for the piece 227.
2021/12/06 00:03:54: Peer 1003 received the  ‘have’ message from 1002 for the piece 62.
2021/12/06 00:03:54: Peer 1003 has downloaded the piece 19 from 1001. Now the number of pieces it has is 40.
2021/12/06 00:03:54: Peer 1003 received the  ‘have’ message from 1004 for the piece 166.
2021/12/06 00:03:54: Peer 1003 received the  ‘have’ message from 1002 for the piece 19.
2021/12/06 00:03:54: Peer 1003 received the  ‘have’ message from 1004 for the piece 164.
2021/12/06 00:03:54: Peer 1003 has downloaded the piece 48 from 1001. Now the number of pieces it has is 41.
2021/12/06 00:03:54: Peer 1003 received the  ‘have’ message from 1004 for the piece 172.
2021/12/06 00:03:54: Peer 1003 received the  ‘have’ message from 1002 for the piece 237.
2021/12/06 00:03:54: Peer 1003 has downloaded the piece 209 from 1001. Now the number of pieces it has is 42.
2021/12/06 00:03:54: Peer 1003 received the  ‘have’ message from 1002 for the piece 177.
2021/12/06 00:03:54: Peer 1003 received the  ‘have’ message from 1004 for the piece 189.
2021/12/06 00:03:54: Peer 1003 has downloaded the piece 37 from 1001. Now the number of pieces it has is 43.
2021/12/06 00:03:54: Peer 1003 has the preferred neighbors 1004.
2021/12/06 00:03:54: Peer 1003 received the  ‘have’ message from 1004 for the piece 77.
2021/12/06 00:03:54: Peer 1003 received the  ‘have’ message from 1002 for the piece 126.
2021/12/06 00:03:54: Peer 1003 received the  ‘have’ message from 1004 for the piece 2.
2021/12/06 00:03:54: Peer 1003 has downloaded the piece 242 from 1001. Now the number of pieces it has is 44.
2021/12/06 00:03:54: Peer 1003 received the  ‘have’ message from 1002 for the piece 41.
2021/12/06 00:03:54: Peer 1003 has downloaded the piece 100 from 1001. Now the number of pieces it has is 45.
2021/12/06 00:03:54: Peer 1003 received the  ‘have’ message from 1004 for the piece 151.
2021/12/06 00:03:54: Peer 1003 received the  ‘have’ message from 1002 for the piece 181.
2021/12/06 00:03:54: Peer 1003 received the  ‘have’ message from 1004 for the piece 3.
2021/12/06 00:03:54: Peer 1003 has downloaded the piece 187 from 1001. Now the number of pieces it has is 46.
2021/12/06 00:03:54: Peer 1003 received the  ‘have’ message from 1002 for the piece 272.
2021/12/06 00:03:54: Peer 1003 received the  ‘have’ message from 1004 for the piece 123.
2021/12/06 00:03:54: Peer 1003 has downloaded the piece 49 from 1001. Now the number of pieces it has is 47.
2021/12/06 00:03:54: Peer 1003 received the  ‘have’ message from 1002 for the piece 244.
2021/12/06 00:03:54: Peer 1003 received the  ‘have’ message from 1004 for the piece 167.
2021/12/06 00:03:54: Peer 1003 has downloaded the piece 101 from 1001. Now the number of pieces it has is 48.
2021/12/06 00:03:54: Peer 1003 received the  ‘have’ message from 1002 for the piece 227.
2021/12/06 00:03:54: Peer 1003 received the  ‘have’ message from 1004 for the piece 116.
2021/12/06 00:03:54: Peer 1003 has downloaded the piece 53 from 1001. Now the number of pieces it has is 49.
2021/12/06 00:03:54: Peer 1003 received the  ‘have’ message from 1004 for the piece 265.
2021/12/06 00:03:54: Peer 1003 received the  ‘have’ message from 1002 for the piece 113.
2021/12/06 00:03:54: Peer 1003 has downloaded the piece 131 from 1001. Now the number of pieces it has is 50.
2021/12/06 00:03:54: Peer 1003 received the  ‘have’ message from 1004 for the piece 251.
2021/12/06 00:03:54: Peer 1003 received the  ‘have’ message from 1002 for the piece 5.
2021/12/06 00:03:54: Peer 1003 has downloaded the piece 87 from 1001. Now the number of pieces it has is 51.
2021/12/06 00:03:55: Peer 1003 received the  ‘have’ message from 1004 for the piece 72.
2021/12/06 00:03:55: Peer 1003 received the  ‘have’ message from 1004 for the piece 22.
2021/12/06 00:03:55: Peer 1003 received the  ‘have’ message from 1002 for the piece 222.
2021/12/06 00:03:55: Peer 1003 has downloaded the piece 150 from 1001. Now the number of pieces it has is 52.
2021/12/06 00:03:55: Peer 1003 received the  ‘have’ message from 1002 for the piece 166.
2021/12/06 00:03:55: Peer 1003 has downloaded the piece 217 from 1001. Now the number of pieces it has is 53.
2021/12/06 00:03:55: Peer 1003 received the  ‘have’ message from 1004 for the piece 68.
2021/12/06 00:03:55: Peer 1003 received the  ‘have’ message from 1004 for the piece 93.
2021/12/06 00:03:55: Peer 1003 received the  ‘have’ message from 1002 for the piece 101.
2021/12/06 00:03:55: Peer 1003 has downloaded the piece 216 from 1001. Now the number of pieces it has is 54.
2021/12/06 00:03:55: Peer 1003 received the  ‘have’ message from 1004 for the piece 236.
2021/12/06 00:03:55: Peer 1003 received the  ‘have’ message from 1002 for the piece 87.
2021/12/06 00:03:55: Peer 1003 received the  ‘have’ message from 1004 for the piece 196.
2021/12/06 00:03:55: Peer 1003 has downloaded the piece 214 from 1001. Now the number of pieces it has is 55.
2021/12/06 00:03:55: Peer 1003 received the  ‘have’ message from 1004 for the piece 52.
2021/12/06 00:03:55: Peer 1003 received the  ‘have’ message from 1002 for the piece 207.
2021/12/06 00:03:55: Peer 1003 has downloaded the piece 86 from 1001. Now the number of pieces it has is 56.
2021/12/06 00:03:55: Peer 1003 received the  ‘have’ message from 1004 for the piece 221.
2021/12/06 00:03:55: Peer 1003 received the  ‘have’ message from 1002 for the piece 111.
2021/12/06 00:03:55: Peer 1003 has downloaded the piece 228 from 1001. Now the number of pieces it has is 57.
2021/12/06 00:03:55: Peer 1003 received the  ‘have’ message from 1004 for the piece 266.
2021/12/06 00:03:55: Peer 1003 received the  ‘have’ message from 1002 for the piece 71.
2021/12/06 00:03:55: Peer 1003 has downloaded the piece 238 from 1001. Now the number of pieces it has is 58.
2021/12/06 00:03:55: Peer 1003 received the  ‘have’ message from 1004 for the piece 148.
2021/12/06 00:03:55: Peer 1003 received the  ‘have’ message from 1002 for the piece 22.
2021/12/06 00:03:55: Peer 1003 has downloaded the piece 74 from 1001. Now the number of pieces it has is 59.
2021/12/06 00:03:55: Peer 1003 received the  ‘have’ message from 1004 for the piece 29.
2021/12/06 00:03:55: Peer 1003 received the  ‘have’ message from 1002 for the piece 93.
2021/12/06 00:03:55: Peer 1003 has downloaded the piece 165 from 1001. Now the number of pieces it has is 60.
2021/12/06 00:03:55: Peer 1003 received the  ‘have’ message from 1004 for the piece 278.
2021/12/06 00:03:55: Peer 1003 received the  ‘have’ message from 1002 for the piece 33.
2021/12/06 00:03:55: Peer 1003 has downloaded the piece 234 from 1001. Now the number of pieces it has is 61.
2021/12/06 00:03:55: Peer 1003 received the  ‘have’ message from 1004 for the piece 113.
2021/12/06 00:03:55: Peer 1003 received the  ‘have’ message from 1002 for the piece 116.
2021/12/06 00:03:55: Peer 1003 received the  ‘have’ message from 1004 for the piece 256.
2021/12/06 00:03:55: Peer 1003 has downloaded the piece 70 from 1001. Now the number of pieces it has is 62.
2021/12/06 00:03:55: Peer 1003 received the  ‘have’ message from 1004 for the piece 7.
2021/12/06 00:03:55: Peer 1003 received the  ‘have’ message from 1002 for the piece 108.
2021/12/06 00:03:55: Peer 1003 has downloaded the piece 215 from 1001. Now the number of pieces it has is 63.
2021/12/06 00:03:55: Peer 1003 received the  ‘have’ message from 1004 for the piece 154.
2021/12/06 00:03:55: Peer 1003 received the  ‘have’ message from 1002 for the piece 1.
2021/12/06 00:03:55: Peer 1003 received the  ‘have’ message from 1004 for the piece 180.
2021/12/06 00:03:55: Peer 1003 has downloaded the piece 60 from 1001. Now the number of pieces it has is 64.
2021/12/06 00:03:55: Peer 1003 received the  ‘have’ message from 1002 for the piece 258.
2021/12/06 00:03:55: Peer 1003 received the  ‘have’ message from 1004 for the piece 82.
2021/12/06 00:03:55: Peer 1003 has downloaded the piece 158 from 1001. Now the number of pieces it has is 65.
2021/12/06 00:03:55: Peer 1003 received the  ‘have’ message from 1002 for the piece 230.
2021/12/06 00:03:55: Peer 1003 received the  ‘have’ message from 1004 for the piece 202.
2021/12/06 00:03:55: Peer 1003 has downloaded the piece 164 from 1001. Now the number of pieces it has is 66.
2021/12/06 00:03:55: Peer 1003 received the  ‘have’ message from 1004 for the piece 214.
2021/12/06 00:03:55: Peer 1003 received the  ‘have’ message from 1002 for the piece 50.
2021/12/06 00:03:55: Peer 1003 received the  ‘have’ message from 1002 for the piece 94.
2021/12/06 00:03:55: Peer 1003 has downloaded the piece 134 from 1001. Now the number of pieces it has is 67.
2021/12/06 00:03:55: Peer 1003 has the preferred neighbors 1004.
2021/12/06 00:03:55: Peer 1003 received the  ‘have’ message from 1004 for the piece 83.
2021/12/06 00:03:55: Peer 1003 has downloaded the piece 172 from 1001. Now the number of pieces it has is 68.
2021/12/06 00:03:55: Peer 1003 received the  ‘have’ message from 1004 for the piece 139.
2021/12/06 00:03:55: Peer 1003 received the  ‘have’ message from 1002 for the piece 21.
2021/12/06 00:03:55: Peer 1003 received the  ‘have’ message from 1002 for the piece 246.
2021/12/06 00:03:55: Peer 1003 has downloaded the piece 120 from 1001. Now the number of pieces it has is 69.
2021/12/06 00:03:55: Peer 1003 received the  ‘have’ message from 1004 for the piece 87.
2021/12/06 00:03:55: Peer 1003 received the  ‘have’ message from 1002 for the piece 174.
2021/12/06 00:03:55: Peer 1003 received the  ‘have’ message from 1004 for the piece 140.
2021/12/06 00:03:55: Peer 1003 has downloaded the piece 108 from 1001. Now the number of pieces it has is 70.
2021/12/06 00:03:55: Peer 1003 received the  ‘have’ message from 1002 for the piece 198.
2021/12/06 00:03:55: Peer 1003 received the  ‘have’ message from 1004 for the piece 205.
2021/12/06 00:03:55: Peer 1003 has downloaded the piece 96 from 1001. Now the number of pieces it has is 71.
2021/12/06 00:03:55: Peer 1003 received the  ‘have’ message from 1002 for the piece 210.
2021/12/06 00:03:55: Peer 1003 received the  ‘have’ message from 1004 for the piece 114.
2021/12/06 00:03:55: Peer 1003 received the  ‘have’ message from 1002 for the piece 151.
2021/12/06 00:03:55: Peer 1003 has downloaded the piece 132 from 1001. Now the number of pieces it has is 72.
2021/12/06 00:03:55: Peer 1003 received the  ‘have’ message from 1002 for the piece 235.
2021/12/06 00:03:55: Peer 1003 has downloaded the piece 91 from 1001. Now the number of pieces it has is 73.
2021/12/06 00:03:55: Peer 1003 received the  ‘have’ message from 1004 for the piece 49.
2021/12/06 00:03:55: Peer 1003 received the  ‘have’ message from 1002 for the piece 91.
2021/12/06 00:03:55: Peer 1003 received the  ‘have’ message from 1004 for the piece 219.
2021/12/06 00:03:56: Peer 1003 has downloaded the piece 149 from 1001. Now the number of pieces it has is 74.
2021/12/06 00:03:56: Peer 1003 received the  ‘have’ message from 1004 for the piece 65.
2021/12/06 00:03:56: Peer 1003 received the  ‘have’ message from 1002 for the piece 26.
2021/12/06 00:03:56: Peer 1003 has downloaded the piece 24 from 1001. Now the number of pieces it has is 75.
2021/12/06 00:03:56: Peer 1003 received the  ‘have’ message from 1004 for the piece 42.
2021/12/06 00:03:56: Peer 1003 received the  ‘have’ message from 1002 for the piece 214.
2021/12/06 00:03:56: Peer 1003 has downloaded the piece 56 from 1001. Now the number of pieces it has is 76.
2021/12/06 00:03:56: Peer 1003 received the  ‘have’ message from 1002 for the piece 253.
2021/12/06 00:03:56: Peer 1003 received the  ‘have’ message from 1004 for the piece 209.
2021/12/06 00:03:56: Peer 1003 received the  ‘have’ message from 1002 for the piece 29.
2021/12/06 00:03:56: Peer 1003 received the  ‘have’ message from 1004 for the piece 125.
2021/12/06 00:03:56: Peer 1003 has downloaded the piece 97 from 1001. Now the number of pieces it has is 77.
2021/12/06 00:03:56: Peer 1003 received the  ‘have’ message from 1004 for the piece 136.
2021/12/06 00:03:56: Peer 1003 received the  ‘have’ message from 1002 for the piece 144.
2021/12/06 00:03:56: Peer 1003 has downloaded the piece 160 from 1001. Now the number of pieces it has is 78.
2021/12/06 00:03:56: Peer 1003 received the  ‘have’ message from 1004 for the piece 160.
2021/12/06 00:03:56: Peer 1003 received the  ‘have’ message from 1002 for the piece 251.
2021/12/06 00:03:56: Peer 1003 received the  ‘have’ message from 1004 for the piece 244.
2021/12/06 00:03:56: Peer 1003 has downloaded the piece 103 from 1001. Now the number of pieces it has is 79.
2021/12/06 00:03:56: Peer 1003 received the  ‘have’ message from 1002 for the piece 275.
2021/12/06 00:03:56: Peer 1003 received the  ‘have’ message from 1004 for the piece 211.
2021/12/06 00:03:56: Peer 1003 has downloaded the piece 244 from 1001. Now the number of pieces it has is 80.
2021/12/06 00:03:56: Peer 1003 received the  ‘have’ message from 1002 for the piece 194.
2021/12/06 00:03:56: Peer 1003 received the  ‘have’ message from 1004 for the piece 240.
2021/12/06 00:03:56: Peer 1003 has downloaded the piece 31 from 1001. Now the number of pieces it has is 81.
2021/12/06 00:03:56: Peer 1003 received the  ‘have’ message from 1004 for the piece 175.
2021/12/06 00:03:56: Peer 1003 received the  ‘have’ message from 1002 for the piece 118.
2021/12/06 00:03:56: Peer 1003 has downloaded the piece 236 from 1001. Now the number of pieces it has is 82.
2021/12/06 00:03:56: Peer 1003 received the  ‘have’ message from 1004 for the piece 274.
2021/12/06 00:03:56: Peer 1003 received the  ‘have’ message from 1002 for the piece 68.
2021/12/06 00:03:56: Peer 1003 has downloaded the piece 243 from 1001. Now the number of pieces it has is 83.
2021/12/06 00:03:56: Peer 1003 received the  ‘have’ message from 1004 for the piece 173.
2021/12/06 00:03:56: Peer 1003 received the  ‘have’ message from 1002 for the piece 220.
2021/12/06 00:03:56: Peer 1003 received the  ‘have’ message from 1004 for the piece 252.
2021/12/06 00:03:56: Peer 1003 has downloaded the piece 161 from 1001. Now the number of pieces it has is 84.
2021/12/06 00:03:56: Peer 1003 received the  ‘have’ message from 1002 for the piece 145.
2021/12/06 00:03:56: Peer 1003 received the  ‘have’ message from 1004 for the piece 147.
2021/12/06 00:03:56: Peer 1003 has downloaded the piece 280 from 1001. Now the number of pieces it has is 85.
2021/12/06 00:03:56: Peer 1003 received the  ‘have’ message from 1002 for the piece 25.
2021/12/06 00:03:56: Peer 1003 received the  ‘have’ message from 1004 for the piece 225.
2021/12/06 00:03:56: Peer 1003 received the  ‘have’ message from 1002 for the piece 35.
2021/12/06 00:03:56: Peer 1003 has downloaded the piece 27 from 1001. Now the number of pieces it has is 86.
2021/12/06 00:03:56: Peer 1003 received the  ‘have’ message from 1004 for the piece 158.
2021/12/06 00:03:56: Peer 1003 received the  ‘have’ message from 1002 for the piece 57.
2021/12/06 00:03:56: Peer 1003 has downloaded the piece 141 from 1001. Now the number of pieces it has is 87.
2021/12/06 00:03:56: Peer 1003 received the  ‘have’ message from 1002 for the piece 0.
2021/12/06 00:03:56: Peer 1003 has the preferred neighbors 1004.
2021/12/06 00:03:56: Peer 1003 received the  ‘have’ message from 1004 for the piece 201.
2021/12/06 00:03:56: Peer 1003 has downloaded the piece 221 from 1001. Now the number of pieces it has is 88.
2021/12/06 00:03:56: Peer 1003 received the  ‘have’ message from 1002 for the piece 234.
2021/12/06 00:03:56: Peer 1003 received the  ‘have’ message from 1004 for the piece 171.
2021/12/06 00:03:56: Peer 1003 has downloaded the piece 6 from 1001. Now the number of pieces it has is 89.
2021/12/06 00:03:56: Peer 1003 received the  ‘have’ message from 1004 for the piece 144.
2021/12/06 00:03:56: Peer 1003 received the  ‘have’ message from 1002 for the piece 86.
2021/12/06 00:03:56: Peer 1003 has downloaded the piece 156 from 1001. Now the number of pieces it has is 90.
2021/12/06 00:03:56: Peer 1003 received the  ‘have’ message from 1002 for the piece 104.
2021/12/06 00:03:56: Peer 1003 has downloaded the piece 195 from 1001. Now the number of pieces it has is 91.
2021/12/06 00:03:56: Peer 1003 received the  ‘have’ message from 1004 for the piece 195.
2021/12/06 00:03:56: Peer 1003 received the  ‘have’ message from 1004 for the piece 103.
2021/12/06 00:03:56: Peer 1003 received the  ‘have’ message from 1002 for the piece 172.
2021/12/06 00:03:56: Peer 1003 has downloaded the piece 13 from 1001. Now the number of pieces it has is 92.
2021/12/06 00:03:56: Peer 1003 received the  ‘have’ message from 1004 for the piece 141.
2021/12/06 00:03:56: Peer 1003 received the  ‘have’ message from 1002 for the piece 179.
2021/12/06 00:03:56: Peer 1003 has downloaded the piece 57 from 1001. Now the number of pieces it has is 93.
2021/12/06 00:03:56: Peer 1003 received the  ‘have’ message from 1004 for the piece 152.
2021/12/06 00:03:56: Peer 1003 received the  ‘have’ message from 1002 for the piece 88.
2021/12/06 00:03:56: Peer 1003 has downloaded the piece 202 from 1001. Now the number of pieces it has is 94.
2021/12/06 00:03:56: Peer 1003 received the  ‘have’ message from 1004 for the piece 235.
2021/12/06 00:03:56: Peer 1003 received the  ‘have’ message from 1002 for the piece 200.
2021/12/06 00:03:57: Peer 1003 has downloaded the piece 62 from 1001. Now the number of pieces it has is 95.
2021/12/06 00:03:57: Peer 1003 received the  ‘have’ message from 1004 for the piece 248.
2021/12/06 00:03:57: Peer 1003 received the  ‘have’ message from 1002 for the piece 4.
2021/12/06 00:03:57: Peer 1003 has downloaded the piece 174 from 1001. Now the number of pieces it has is 96.
2021/12/06 00:03:57: Peer 1003 received the  ‘have’ message from 1004 for the piece 131.
2021/12/06 00:03:57: Peer 1003 has downloaded the piece 43 from 1001. Now the number of pieces it has is 97.
2021/12/06 00:03:57: Peer 1003 received the  ‘have’ message from 1002 for the piece 232.
2021/12/06 00:03:57: Peer 1003 received the  ‘have’ message from 1004 for the piece 57.
2021/12/06 00:03:57: Peer 1003 has downloaded the piece 263 from 1001. Now the number of pieces it has is 98.
2021/12/06 00:03:57: Peer 1003 received the  ‘have’ message from 1004 for the piece 28.
2021/12/06 00:03:57: Peer 1003 has downloaded the piece 44 from 1001. Now the number of pieces it has is 99.
2021/12/06 00:03:57: Peer 1003 received the  ‘have’ message from 1002 for the piece 213.
2021/12/06 00:03:57: Peer 1003 received the  ‘have’ message from 1004 for the piece 63.
2021/12/06 00:03:57: Peer 1003 received the  ‘have’ message from 1002 for the piece 78.
2021/12/06 00:03:57: Peer 1003 has downloaded the piece 201 from 1001. Now the number of pieces it has is 100.
2021/12/06 00:03:57: Peer 1003 received the  ‘have’ message from 1004 for the piece 79.
2021/12/06 00:03:57: Peer 1003 has downloaded the piece 208 from 1001. Now the number of pieces it has is 101.
2021/12/06 00:03:57: Peer 1003 received the  ‘have’ message from 1002 for the piece 114.
2021/12/06 00:03:57: Peer 1003 received the  ‘have’ message from 1002 for the piece 46.
2021/12/06 00:03:57: Peer 1003 received the  ‘have’ message from 1004 for the piece 119.
2021/12/06 00:03:57: Peer 1003 has downloaded the piece 198 from 1001. Now the number of pieces it has is 102.
2021/12/06 00:03:57: Peer 1003 received the  ‘have’ message from 1002 for the piece 119.
2021/12/06 00:03:57: Peer 1003 received the  ‘have’ message from 1004 for the piece 134.
2021/12/06 00:03:57: Peer 1003 has downloaded the piece 212 from 1001. Now the number of pieces it has is 103.
2021/12/06 00:03:57: Peer 1003 received the  ‘have’ message from 1004 for the piece 157.
2021/12/06 00:03:57: Peer 1003 received the  ‘have’ message from 1002 for the piece 31.
2021/12/06 00:03:57: Peer 1003 has downloaded the piece 138 from 1001. Now the number of pieces it has is 104.
2021/12/06 00:03:57: Peer 1003 received the  ‘have’ message from 1004 for the piece 197.
2021/12/06 00:03:57: Peer 1003 has downloaded the piece 168 from 1001. Now the number of pieces it has is 105.
2021/12/06 00:03:57: Peer 1003 received the  ‘have’ message from 1002 for the piece 268.
2021/12/06 00:03:57: Peer 1003 received the  ‘have’ message from 1004 for the piece 129.
2021/12/06 00:03:57: Peer 1003 received the  ‘have’ message from 1002 for the piece 103.
2021/12/06 00:03:57: Peer 1003 has downloaded the piece 219 from 1001. Now the number of pieces it has is 106.
2021/12/06 00:03:57: Peer 1003 received the  ‘have’ message from 1004 for the piece 47.
2021/12/06 00:03:57: Peer 1003 received the  ‘have’ message from 1002 for the piece 24.
2021/12/06 00:03:57: Peer 1003 has downloaded the piece 166 from 1001. Now the number of pieces it has is 107.
2021/12/06 00:03:57: Peer 1003 received the  ‘have’ message from 1004 for the piece 95.
2021/12/06 00:03:57: Peer 1003 received the  ‘have’ message from 1002 for the piece 10.
2021/12/06 00:03:57: Peer 1003 has downloaded the piece 227 from 1001. Now the number of pieces it has is 108.
2021/12/06 00:03:57: Peer 1003 received the  ‘have’ message from 1004 for the piece 26.
2021/12/06 00:03:57: Peer 1003 has downloaded the piece 16 from 1001. Now the number of pieces it has is 109.
2021/12/06 00:03:57: Peer 1003 received the  ‘have’ message from 1004 for the piece 271.
2021/12/06 00:03:57: Peer 1003 received the  ‘have’ message from 1002 for the piece 48.
2021/12/06 00:03:57: Peer 1003 has the preferred neighbors 1004.
2021/12/06 00:03:57: Peer 1003 has downloaded the piece 278 from 1001. Now the number of pieces it has is 110.
2021/12/06 00:03:57: Peer 1003 received the  ‘have’ message from 1004 for the piece 261.
2021/12/06 00:03:57: Peer 1003 received the  ‘have’ message from 1002 for the piece 239.
2021/12/06 00:03:57: Peer 1003 received the  ‘have’ message from 1004 for the piece 89.
2021/12/06 00:03:57: Peer 1003 has downloaded the piece 254 from 1001. Now the number of pieces it has is 111.
2021/12/06 00:03:57: Peer 1003 received the  ‘have’ message from 1002 for the piece 102.
2021/12/06 00:03:57: Peer 1003 received the  ‘have’ message from 1004 for the piece 54.
2021/12/06 00:03:57: Peer 1003 has downloaded the piece 42 from 1001. Now the number of pieces it has is 112.
2021/12/06 00:03:57: Peer 1003 received the  ‘have’ message from 1004 for the piece 174.
2021/12/06 00:03:57: Peer 1003 received the  ‘have’ message from 1002 for the piece 127.
2021/12/06 00:03:57: Peer 1003 has downloaded the piece 69 from 1001. Now the number of pieces it has is 113.
2021/12/06 00:03:57: Peer 1003 received the  ‘have’ message from 1002 for the piece 79.
2021/12/06 00:03:57: Peer 1003 received the  ‘have’ message from 1004 for the piece 50.
2021/12/06 00:03:57: Peer 1003 has downloaded the piece 143 from 1001. Now the number of pieces it has is 114.
2021/12/06 00:03:57: Peer 1003 received the  ‘have’ message from 1002 for the piece 162.
2021/12/06 00:03:57: Peer 1003 received the  ‘have’ message from 1004 for the piece 258.
2021/12/06 00:03:57: Peer 1003 has downloaded the piece 275 from 1001. Now the number of pieces it has is 115.
2021/12/06 00:03:57: Peer 1003 received the  ‘have’ message from 1004 for the piece 12.
2021/12/06 00:03:57: Peer 1003 received the  ‘have’ message from 1002 for the piece 146.
2021/12/06 00:03:57: Peer 1003 has downloaded the piece 153 from 1001. Now the number of pieces it has is 116.
2021/12/06 00:03:58: Peer 1003 received the  ‘have’ message from 1002 for the piece 77.
2021/12/06 00:03:58: Peer 1003 received the  ‘have’ message from 1004 for the piece 245.
2021/12/06 00:03:58: Peer 1003 has downloaded the piece 50 from 1001. Now the number of pieces it has is 117.
2021/12/06 00:03:58: Peer 1003 received the  ‘have’ message from 1002 for the piece 132.
2021/12/06 00:03:58: Peer 1003 received the  ‘have’ message from 1004 for the piece 100.
2021/12/06 00:03:58: Peer 1003 has downloaded the piece 213 from 1001. Now the number of pieces it has is 118.
2021/12/06 00:03:58: Peer 1003 received the  ‘have’ message from 1002 for the piece 238.
2021/12/06 00:03:58: Peer 1003 received the  ‘have’ message from 1004 for the piece 14.
2021/12/06 00:03:58: Peer 1003 has downloaded the piece 137 from 1001. Now the number of pieces it has is 119.
2021/12/06 00:03:58: Peer 1003 received the  ‘have’ message from 1004 for the piece 194.
2021/12/06 00:03:58: Peer 1003 received the  ‘have’ message from 1002 for the piece 169.
2021/12/06 00:03:58: Peer 1003 has downloaded the piece 128 from 1001. Now the number of pieces it has is 120.
2021/12/06 00:03:58: Peer 1003 received the  ‘have’ message from 1004 for the piece 109.
2021/12/06 00:03:58: Peer 1003 received the  ‘have’ message from 1002 for the piece 45.
2021/12/06 00:03:58: Peer 1003 has downloaded the piece 114 from 1001. Now the number of pieces it has is 121.
2021/12/06 00:03:58: Peer 1003 received the  ‘have’ message from 1004 for the piece 270.
2021/12/06 00:03:58: Peer 1003 received the  ‘have’ message from 1002 for the piece 259.
2021/12/06 00:03:58: Peer 1003 has downloaded the piece 77 from 1001. Now the number of pieces it has is 122.
2021/12/06 00:03:58: Peer 1003 received the  ‘have’ message from 1004 for the piece 59.
2021/12/06 00:03:58: Peer 1003 received the  ‘have’ message from 1002 for the piece 157.
2021/12/06 00:03:58: Peer 1003 has downloaded the piece 140 from 1001. Now the number of pieces it has is 123.
2021/12/06 00:03:58: Peer 1003 received the  ‘have’ message from 1002 for the piece 117.
2021/12/06 00:03:58: Peer 1003 received the  ‘have’ message from 1004 for the piece 35.
2021/12/06 00:03:58: Peer 1003 has downloaded the piece 54 from 1001. Now the number of pieces it has is 124.
2021/12/06 00:03:58: Peer 1003 received the  ‘have’ message from 1002 for the piece 75.
2021/12/06 00:03:58: Peer 1003 received the  ‘have’ message from 1004 for the piece 182.
2021/12/06 00:03:58: Peer 1003 has downloaded the piece 92 from 1001. Now the number of pieces it has is 125.
2021/12/06 00:03:58: Peer 1003 received the  ‘have’ message from 1004 for the piece 84.
2021/12/06 00:03:58: Peer 1003 received the  ‘have’ message from 1002 for the piece 92.
2021/12/06 00:03:58: Peer 1003 has downloaded the piece 184 from 1001. Now the number of pieces it has is 126.
2021/12/06 00:03:58: Peer 1003 received the  ‘have’ message from 1002 for the piece 12.
2021/12/06 00:03:58: Peer 1003 received the  ‘have’ message from 1004 for the piece 238.
2021/12/06 00:03:58: Peer 1003 has downloaded the piece 135 from 1001. Now the number of pieces it has is 127.
2021/12/06 00:03:58: Peer 1003 received the  ‘have’ message from 1002 for the piece 56.
2021/12/06 00:03:58: Peer 1003 received the  ‘have’ message from 1004 for the piece 239.
2021/12/06 00:03:58: Peer 1003 has downloaded the piece 34 from 1001. Now the number of pieces it has is 128.
2021/12/06 00:03:58: Peer 1003 received the  ‘have’ message from 1004 for the piece 226.
2021/12/06 00:03:58: Peer 1003 received the  ‘have’ message from 1002 for the piece 74.
2021/12/06 00:03:58: Peer 1003 has the preferred neighbors 1004.
2021/12/06 00:03:58: Peer 1003 has downloaded the piece 72 from 1001. Now the number of pieces it has is 129.
2021/12/06 00:03:58: Peer 1003 received the  ‘have’ message from 1004 for the piece 179.
2021/12/06 00:03:58: Peer 1003 received the  ‘have’ message from 1002 for the piece 54.
2021/12/06 00:03:58: Peer 1003 received the  ‘have’ message from 1004 for the piece 193.
2021/12/06 00:03:58: Peer 1003 has downloaded the piece 61 from 1001. Now the number of pieces it has is 130.
2021/12/06 00:03:58: Peer 1003 received the  ‘have’ message from 1004 for the piece 105.
2021/12/06 00:03:58: Peer 1003 received the  ‘have’ message from 1002 for the piece 142.
2021/12/06 00:03:58: Peer 1003 received the  ‘have’ message from 1004 for the piece 122.
2021/12/06 00:03:58: Peer 1003 has downloaded the piece 224 from 1001. Now the number of pieces it has is 131.
2021/12/06 00:03:58: Peer 1003 received the  ‘have’ message from 1004 for the piece 184.
2021/12/06 00:03:58: Peer 1003 received the  ‘have’ message from 1002 for the piece 76.
2021/12/06 00:03:58: Peer 1003 has downloaded the piece 220 from 1001. Now the number of pieces it has is 132.
2021/12/06 00:03:58: Peer 1003 received the  ‘have’ message from 1002 for the piece 182.
2021/12/06 00:03:58: Peer 1003 received the  ‘have’ message from 1004 for the piece 217.
2021/12/06 00:03:58: Peer 1003 has downloaded the piece 32 from 1001. Now the number of pieces it has is 133.
2021/12/06 00:03:58: Peer 1003 received the  ‘have’ message from 1002 for the piece 20.
2021/12/06 00:03:58: Peer 1003 received the  ‘have’ message from 1004 for the piece 9.
2021/12/06 00:03:58: Peer 1003 received the  ‘have’ message from 1004 for the piece 107.
2021/12/06 00:03:58: Peer 1003 has downloaded the piece 129 from 1001. Now the number of pieces it has is 134.
2021/12/06 00:03:59: Peer 1003 received the  ‘have’ message from 1002 for the piece 185.
2021/12/06 00:03:59: Peer 1003 has downloaded the piece 17 from 1001. Now the number of pieces it has is 135.
2021/12/06 00:03:59: Peer 1003 received the  ‘have’ message from 1004 for the piece 86.
2021/12/06 00:03:59: Peer 1003 received the  ‘have’ message from 1002 for the piece 212.
2021/12/06 00:03:59: Peer 1003 has downloaded the piece 113 from 1001. Now the number of pieces it has is 136.
2021/12/06 00:03:59: Peer 1003 received the  ‘have’ message from 1004 for the piece 130.
2021/12/06 00:03:59: Peer 1003 has downloaded the piece 145 from 1001. Now the number of pieces it has is 137.
2021/12/06 00:03:59: Peer 1003 received the  ‘have’ message from 1002 for the piece 233.
2021/12/06 00:03:59: Peer 1003 received the  ‘have’ message from 1002 for the piece 123.
2021/12/06 00:03:59: Peer 1003 received the  ‘have’ message from 1004 for the piece 168.
2021/12/06 00:03:59: Peer 1003 has downloaded the piece 124 from 1001. Now the number of pieces it has is 138.
2021/12/06 00:03:59: Peer 1003 received the  ‘have’ message from 1004 for the piece 169.
2021/12/06 00:03:59: Peer 1003 received the  ‘have’ message from 1002 for the piece 28.
2021/12/06 00:03:59: Peer 1003 has downloaded the piece 148 from 1001. Now the number of pieces it has is 139.
2021/12/06 00:03:59: Peer 1003 received the  ‘have’ message from 1004 for the piece 218.
2021/12/06 00:03:59: Peer 1003 received the  ‘have’ message from 1002 for the piece 83.
2021/12/06 00:03:59: Peer 1003 has downloaded the piece 255 from 1001. Now the number of pieces it has is 140.
2021/12/06 00:03:59: Peer 1003 received the  ‘have’ message from 1004 for the piece 58.
2021/12/06 00:03:59: Peer 1003 received the  ‘have’ message from 1002 for the piece 98.
2021/12/06 00:03:59: Peer 1003 has downloaded the piece 142 from 1001. Now the number of pieces it has is 141.
2021/12/06 00:03:59: Peer 1003 received the  ‘have’ message from 1004 for the piece 176.
2021/12/06 00:03:59: Peer 1003 has downloaded the piece 183 from 1001. Now the number of pieces it has is 142.
2021/12/06 00:03:59: Peer 1003 received the  ‘have’ message from 1002 for the piece 249.
2021/12/06 00:03:59: Peer 1003 received the  ‘have’ message from 1004 for the piece 33.
2021/12/06 00:03:59: Peer 1003 has downloaded the piece 167 from 1001. Now the number of pieces it has is 143.
2021/12/06 00:03:59: Peer 1003 received the  ‘have’ message from 1002 for the piece 186.
2021/12/06 00:03:59: Peer 1003 received the  ‘have’ message from 1004 for the piece 272.
2021/12/06 00:03:59: Peer 1003 has downloaded the piece 203 from 1001. Now the number of pieces it has is 144.
2021/12/06 00:03:59: Peer 1003 received the  ‘have’ message from 1002 for the piece 183.
2021/12/06 00:03:59: Peer 1003 received the  ‘have’ message from 1004 for the piece 138.
2021/12/06 00:03:59: Peer 1003 received the  ‘have’ message from 1002 for the piece 176.
2021/12/06 00:03:59: Peer 1003 has downloaded the piece 41 from 1001. Now the number of pieces it has is 145.
2021/12/06 00:03:59: Peer 1003 received the  ‘have’ message from 1004 for the piece 106.
2021/12/06 00:03:59: Peer 1003 received the  ‘have’ message from 1004 for the piece 199.
2021/12/06 00:03:59: Peer 1003 received the  ‘have’ message from 1002 for the piece 229.
2021/12/06 00:03:59: Peer 1003 has the preferred neighbors 1004.
2021/12/06 00:03:59: Peer 1003 has downloaded the piece 233 from 1001. Now the number of pieces it has is 146.
2021/12/06 00:03:59: Peer 1003 received the  ‘have’ message from 1004 for the piece 137.
2021/12/06 00:03:59: Peer 1003 received the  ‘have’ message from 1002 for the piece 105.
2021/12/06 00:03:59: Peer 1003 has downloaded the piece 75 from 1001. Now the number of pieces it has is 147.
2021/12/06 00:03:59: Peer 1003 received the  ‘have’ message from 1004 for the piece 91.
2021/12/06 00:03:59: Peer 1003 has downloaded the piece 25 from 1001. Now the number of pieces it has is 148.
2021/12/06 00:03:59: Peer 1003 received the  ‘have’ message from 1002 for the piece 82.
2021/12/06 00:03:59: Peer 1003 has downloaded the piece 51 from 1001. Now the number of pieces it has is 149.
2021/12/06 00:03:59: Peer 1003 received the  ‘have’ message from 1002 for the piece 250.
2021/12/06 00:03:59: Peer 1003 received the  ‘have’ message from 1004 for the piece 46.
2021/12/06 00:03:59: Peer 1003 has downloaded the piece 157 from 1001. Now the number of pieces it has is 150.
2021/12/06 00:03:59: Peer 1003 received the  ‘have’ message from 1004 for the piece 81.
2021/12/06 00:03:59: Peer 1003 received the  ‘have’ message from 1002 for the piece 152.
2021/12/06 00:03:59: Peer 1003 has downloaded the piece 185 from 1001. Now the number of pieces it has is 151.
2021/12/06 00:03:59: Peer 1003 received the  ‘have’ message from 1004 for the piece 183.
2021/12/06 00:03:59: Peer 1003 received the  ‘have’ message from 1002 for the piece 168.
2021/12/06 00:04:00: Peer 1003 received the  ‘have’ message from 1004 for the piece 27.
2021/12/06 00:04:00: Peer 1003 has downloaded the piece 109 from 1001. Now the number of pieces it has is 152.
2021/12/06 00:04:00: Peer 1003 received the  ‘have’ message from 1002 for the piece 30.
2021/12/06 00:04:00: Peer 1003 received the  ‘have’ message from 1004 for the piece 133.
2021/12/06 00:04:00: Peer 1003 has downloaded the piece 52 from 1001. Now the number of pieces it has is 153.
2021/12/06 00:04:00: Peer 1003 received the  ‘have’ message from 1004 for the piece 17.
2021/12/06 00:04:00: Peer 1003 received the  ‘have’ message from 1002 for the piece 55.
2021/12/06 00:04:00: Peer 1003 has downloaded the piece 38 from 1001. Now the number of pieces it has is 154.
2021/12/06 00:04:00: Peer 1003 received the  ‘have’ message from 1004 for the piece 233.
2021/12/06 00:04:00: Peer 1003 received the  ‘have’ message from 1002 for the piece 69.
2021/12/06 00:04:00: Peer 1003 has downloaded the piece 1 from 1001. Now the number of pieces it has is 155.
2021/12/06 00:04:00: Peer 1003 received the  ‘have’ message from 1004 for the piece 99.
2021/12/06 00:04:00: Peer 1003 received the  ‘have’ message from 1002 for the piece 85.
2021/12/06 00:04:00: Peer 1003 has downloaded the piece 40 from 1001. Now the number of pieces it has is 156.
2021/12/06 00:04:00: Peer 1003 received the  ‘have’ message from 1004 for the piece 243.
2021/12/06 00:04:00: Peer 1003 received the  ‘have’ message from 1002 for the piece 37.
2021/12/06 00:04:00: Peer 1003 has downloaded the piece 28 from 1001. Now the number of pieces it has is 157.
2021/12/06 00:04:00: Peer 1003 received the  ‘have’ message from 1004 for the piece 16.
2021/12/06 00:04:00: Peer 1003 received the  ‘have’ message from 1002 for the piece 16.
2021/12/06 00:04:00: Peer 1003 received the  ‘have’ message from 1002 for the piece 125.
2021/12/06 00:04:00: Peer 1003 has downloaded the piece 260 from 1001. Now the number of pieces it has is 158.
2021/12/06 00:04:00: Peer 1003 received the  ‘have’ message from 1004 for the piece 69.
2021/12/06 00:04:00: Peer 1003 received the  ‘have’ message from 1004 for the piece 223.
2021/12/06 00:04:00: Peer 1003 received the  ‘have’ message from 1002 for the piece 143.
2021/12/06 00:04:00: Peer 1003 has downloaded the piece 82 from 1001. Now the number of pieces it has is 159.
2021/12/06 00:04:00: Peer 1003 received the  ‘have’ message from 1004 for the piece 101.
2021/12/06 00:04:00: Peer 1003 received the  ‘have’ message from 1002 for the piece 38.
2021/12/06 00:04:00: Peer 1003 has downloaded the piece 139 from 1001. Now the number of pieces it has is 160.
2021/12/06 00:04:00: Peer 1003 received the  ‘have’ message from 1004 for the piece 128.
2021/12/06 00:04:00: Peer 1003 received the  ‘have’ message from 1002 for the piece 196.
2021/12/06 00:04:00: Peer 1003 received the  ‘have’ message from 1004 for the piece 242.
2021/12/06 00:04:00: Peer 1003 has downloaded the piece 267 from 1001. Now the number of pieces it has is 161.
2021/12/06 00:04:00: Peer 1003 received the  ‘have’ message from 1002 for the piece 128.
2021/12/06 00:04:00: Peer 1003 has the preferred neighbors 1004.
2021/12/06 00:04:00: Peer 1003 has downloaded the piece 232 from 1001. Now the number of pieces it has is 162.
2021/12/06 00:04:00: Peer 1003 received the  ‘have’ message from 1004 for the piece 76.
2021/12/06 00:04:00: Peer 1003 received the  ‘have’ message from 1002 for the piece 13.
2021/12/06 00:04:00: Peer 1003 has downloaded the piece 93 from 1001. Now the number of pieces it has is 163.
2021/12/06 00:04:00: Peer 1003 received the  ‘have’ message from 1004 for the piece 268.
2021/12/06 00:04:00: Peer 1003 received the  ‘have’ message from 1002 for the piece 137.
2021/12/06 00:04:00: Peer 1003 received the  ‘have’ message from 1004 for the piece 124.
2021/12/06 00:04:00: Peer 1003 has downloaded the piece 64 from 1001. Now the number of pieces it has is 164.
2021/12/06 00:04:00: Peer 1003 received the  ‘have’ message from 1002 for the piece 197.
2021/12/06 00:04:00: Peer 1003 received the  ‘have’ message from 1004 for the piece 48.
2021/12/06 00:04:00: Peer 1003 has downloaded the piece 170 from 1001. Now the number of pieces it has is 165.
2021/12/06 00:04:00: Peer 1003 received the  ‘have’ message from 1002 for the piece 95.
2021/12/06 00:04:00: Peer 1003 received the  ‘have’ message from 1004 for the piece 198.
2021/12/06 00:04:00: Peer 1003 received the  ‘have’ message from 1002 for the piece 165.
2021/12/06 00:04:00: Peer 1003 has downloaded the piece 240 from 1001. Now the number of pieces it has is 166.
2021/12/06 00:04:01: Peer 1003 received the  ‘have’ message from 1002 for the piece 148.
2021/12/06 00:04:01: Peer 1003 received the  ‘have’ message from 1004 for the piece 40.
2021/12/06 00:04:01: Peer 1003 has downloaded the piece 155 from 1001. Now the number of pieces it has is 167.
2021/12/06 00:04:01: Peer 1003 received the  ‘have’ message from 1004 for the piece 204.
2021/12/06 00:04:01: Peer 1003 received the  ‘have’ message from 1002 for the piece 257.
2021/12/06 00:04:01: Peer 1003 has downloaded the piece 20 from 1001. Now the number of pieces it has is 168.
2021/12/06 00:04:01: Peer 1003 has downloaded the piece 90 from 1001. Now the number of pieces it has is 169.
2021/12/06 00:04:01: Peer 1003 received the  ‘have’ message from 1004 for the piece 25.
2021/12/06 00:04:01: Peer 1003 received the  ‘have’ message from 1002 for the piece 9.
2021/12/06 00:04:01: Peer 1003 received the  ‘have’ message from 1004 for the piece 121.
2021/12/06 00:04:01: Peer 1003 has downloaded the piece 29 from 1001. Now the number of pieces it has is 170.
2021/12/06 00:04:01: Peer 1003 received the  ‘have’ message from 1002 for the piece 170.
2021/12/06 00:04:01: Peer 1003 received the  ‘have’ message from 1004 for the piece 88.
2021/12/06 00:04:01: Peer 1003 has downloaded the piece 163 from 1001. Now the number of pieces it has is 171.
2021/12/06 00:04:01: Peer 1003 received the  ‘have’ message from 1002 for the piece 266.
2021/12/06 00:04:01: Peer 1003 received the  ‘have’ message from 1002 for the piece 265.
2021/12/06 00:04:01: Peer 1003 received the  ‘have’ message from 1004 for the piece 85.
2021/12/06 00:04:01: Peer 1003 has downloaded the piece 21 from 1001. Now the number of pieces it has is 172.
2021/12/06 00:04:01: Peer 1003 received the  ‘have’ message from 1002 for the piece 67.
2021/12/06 00:04:01: Peer 1003 received the  ‘have’ message from 1004 for the piece 66.
2021/12/06 00:04:01: Peer 1003 has downloaded the piece 191 from 1001. Now the number of pieces it has is 173.
2021/12/06 00:04:01: Peer 1003 received the  ‘have’ message from 1004 for the piece 92.
2021/12/06 00:04:01: Peer 1003 received the  ‘have’ message from 1002 for the piece 64.
2021/12/06 00:04:01: Peer 1003 has downloaded the piece 189 from 1001. Now the number of pieces it has is 174.
2021/12/06 00:04:01: Peer 1003 received the  ‘have’ message from 1002 for the piece 195.
2021/12/06 00:04:01: Peer 1003 received the  ‘have’ message from 1004 for the piece 192.
2021/12/06 00:04:01: Peer 1003 has downloaded the piece 253 from 1001. Now the number of pieces it has is 175.
2021/12/06 00:04:01: Peer 1003 received the  ‘have’ message from 1004 for the piece 170.
2021/12/06 00:04:01: Peer 1003 received the  ‘have’ message from 1002 for the piece 219.
2021/12/06 00:04:01: Peer 1003 has downloaded the piece 206 from 1001. Now the number of pieces it has is 176.
2021/12/06 00:04:01: Peer 1003 received the  ‘have’ message from 1004 for the piece 254.
2021/12/06 00:04:01: Peer 1003 received the  ‘have’ message from 1002 for the piece 241.
2021/12/06 00:04:01: Peer 1003 has downloaded the piece 249 from 1001. Now the number of pieces it has is 177.
2021/12/06 00:04:01: Peer 1003 has the preferred neighbors 1004.
2021/12/06 00:04:01: Peer 1003 received the  ‘have’ message from 1004 for the piece 234.
2021/12/06 00:04:01: Peer 1003 received the  ‘have’ message from 1002 for the piece 42.
2021/12/06 00:04:01: Peer 1003 has downloaded the piece 35 from 1001. Now the number of pieces it has is 178.
2021/12/06 00:04:01: Peer 1003 received the  ‘have’ message from 1002 for the piece 221.
2021/12/06 00:04:01: Peer 1003 received the  ‘have’ message from 1004 for the piece 4.
2021/12/06 00:04:01: Peer 1003 has downloaded the piece 89 from 1001. Now the number of pieces it has is 179.
2021/12/06 00:04:01: Peer 1003 received the  ‘have’ message from 1002 for the piece 60.
2021/12/06 00:04:01: Peer 1003 received the  ‘have’ message from 1004 for the piece 80.
2021/12/06 00:04:01: Peer 1003 has downloaded the piece 0 from 1001. Now the number of pieces it has is 180.
2021/12/06 00:04:01: Peer 1003 received the  ‘have’ message from 1004 for the piece 41.
2021/12/06 00:04:01: Peer 1003 received the  ‘have’ message from 1004 for the piece 181.
2021/12/06 00:04:01: Peer 1003 received the  ‘have’ message from 1002 for the piece 49.
2021/12/06 00:04:01: Peer 1003 has downloaded the piece 181 from 1001. Now the number of pieces it has is 181.
2021/12/06 00:04:02: Peer 1003 received the  ‘have’ message from 1004 for the piece 97.
2021/12/06 00:04:02: Peer 1003 received the  ‘have’ message from 1002 for the piece 192.
2021/12/06 00:04:02: Peer 1003 has downloaded the piece 47 from 1001. Now the number of pieces it has is 182.
2021/12/06 00:04:02: Peer 1003 has downloaded the piece 59 from 1001. Now the number of pieces it has is 183.
2021/12/06 00:04:02: Peer 1003 received the  ‘have’ message from 1004 for the piece 24.
2021/12/06 00:04:02: Peer 1003 received the  ‘have’ message from 1002 for the piece 252.
2021/12/06 00:04:02: Peer 1003 received the  ‘have’ message from 1004 for the piece 36.
2021/12/06 00:04:02: Peer 1003 has downloaded the piece 88 from 1001. Now the number of pieces it has is 184.
2021/12/06 00:04:02: Peer 1003 received the  ‘have’ message from 1004 for the piece 53.
2021/12/06 00:04:02: Peer 1003 received the  ‘have’ message from 1002 for the piece 178.
2021/12/06 00:04:02: Peer 1003 has downloaded the piece 273 from 1001. Now the number of pieces it has is 185.
2021/12/06 00:04:02: Peer 1003 received the  ‘have’ message from 1004 for the piece 273.
2021/12/06 00:04:02: Peer 1003 received the  ‘have’ message from 1002 for the piece 65.
2021/12/06 00:04:02: Peer 1003 received the  ‘have’ message from 1004 for the piece 110.
2021/12/06 00:04:02: Peer 1003 has downloaded the piece 268 from 1001. Now the number of pieces it has is 186.
2021/12/06 00:04:02: Peer 1003 received the  ‘have’ message from 1004 for the piece 135.
2021/12/06 00:04:02: Peer 1003 received the  ‘have’ message from 1002 for the piece 18.
2021/12/06 00:04:02: Peer 1003 has downloaded the piece 223 from 1001. Now the number of pieces it has is 187.
2021/12/06 00:04:02: Peer 1003 received the  ‘have’ message from 1002 for the piece 135.
2021/12/06 00:04:02: Peer 1003 received the  ‘have’ message from 1004 for the piece 23.
2021/12/06 00:04:02: Peer 1003 has downloaded the piece 127 from 1001. Now the number of pieces it has is 188.
2021/12/06 00:04:02: Peer 1003 received the  ‘have’ message from 1002 for the piece 147.
2021/12/06 00:04:02: Peer 1003 received the  ‘have’ message from 1004 for the piece 78.
2021/12/06 00:04:02: Peer 1003 has downloaded the piece 235 from 1001. Now the number of pieces it has is 189.
2021/12/06 00:04:02: Peer 1003 received the  ‘have’ message from 1002 for the piece 73.
2021/12/06 00:04:02: Peer 1003 received the  ‘have’ message from 1004 for the piece 19.
2021/12/06 00:04:02: Peer 1003 has downloaded the piece 125 from 1001. Now the number of pieces it has is 190.
2021/12/06 00:04:02: Peer 1003 has the preferred neighbors 1004.
2021/12/06 00:04:02: Peer 1003 received the  ‘have’ message from 1002 for the piece 188.
2021/12/06 00:04:02: Peer 1003 received the  ‘have’ message from 1004 for the piece 15.
2021/12/06 00:04:02: Peer 1003 has downloaded the piece 169 from 1001. Now the number of pieces it has is 191.
2021/12/06 00:04:02: Peer 1003 received the  ‘have’ message from 1002 for the piece 216.
2021/12/06 00:04:02: Peer 1003 received the  ‘have’ message from 1004 for the piece 216.
2021/12/06 00:04:02: Peer 1003 has downloaded the piece 196 from 1001. Now the number of pieces it has is 192.
2021/12/06 00:04:02: Peer 1003 has downloaded the piece 81 from 1001. Now the number of pieces it has is 193.
2021/12/06 00:04:02: Peer 1003 received the  ‘have’ message from 1002 for the piece 120.
2021/12/06 00:04:02: Peer 1003 received the  ‘have’ message from 1004 for the piece 142.
2021/12/06 00:04:02: Peer 1003 received the  ‘have’ message from 1002 for the piece 23.
2021/12/06 00:04:02: Peer 1003 has downloaded the piece 118 from 1001. Now the number of pieces it has is 194.
2021/12/06 00:04:02: Peer 1003 received the  ‘have’ message from 1004 for the piece 186.
2021/12/06 00:04:03: Peer 1003 received the  ‘have’ message from 1002 for the piece 97.
2021/12/06 00:04:03: Peer 1003 has downloaded the piece 225 from 1001. Now the number of pieces it has is 195.
2021/12/06 00:04:03: Peer 1003 received the  ‘have’ message from 1002 for the piece 136.
2021/12/06 00:04:03: Peer 1003 received the  ‘have’ message from 1004 for the piece 213.
2021/12/06 00:04:03: Peer 1003 has downloaded the piece 151 from 1001. Now the number of pieces it has is 196.
2021/12/06 00:04:03: Peer 1003 received the  ‘have’ message from 1002 for the piece 90.
2021/12/06 00:04:03: Peer 1003 received the  ‘have’ message from 1004 for the piece 215.
2021/12/06 00:04:03: Peer 1003 has downloaded the piece 245 from 1001. Now the number of pieces it has is 197.
2021/12/06 00:04:03: Peer 1003 received the  ‘have’ message from 1004 for the piece 246.
2021/12/06 00:04:03: Peer 1003 received the  ‘have’ message from 1002 for the piece 51.
2021/12/06 00:04:03: Peer 1003 received the  ‘have’ message from 1002 for the piece 59.
2021/12/06 00:04:03: Peer 1003 has downloaded the piece 192 from 1001. Now the number of pieces it has is 198.
2021/12/06 00:04:03: Peer 1003 received the  ‘have’ message from 1004 for the piece 162.
2021/12/06 00:04:03: Peer 1003 received the  ‘have’ message from 1002 for the piece 208.
2021/12/06 00:04:03: Peer 1003 has downloaded the piece 199 from 1001. Now the number of pieces it has is 199.
2021/12/06 00:04:03: Peer 1003 received the  ‘have’ message from 1002 for the piece 209.
2021/12/06 00:04:03: Peer 1003 received the  ‘have’ message from 1004 for the piece 259.
2021/12/06 00:04:03: Peer 1003 has downloaded the piece 226 from 1001. Now the number of pieces it has is 200.
2021/12/06 00:04:03: Peer 1003 received the  ‘have’ message from 1002 for the piece 224.
2021/12/06 00:04:03: Peer 1003 received the  ‘have’ message from 1004 for the piece 264.
2021/12/06 00:04:03: Peer 1003 received the  ‘have’ message from 1002 for the piece 205.
2021/12/06 00:04:03: Peer 1003 has downloaded the piece 68 from 1001. Now the number of pieces it has is 201.
2021/12/06 00:04:03: Peer 1003 received the  ‘have’ message from 1002 for the piece 271.
2021/12/06 00:04:03: Peer 1003 received the  ‘have’ message from 1004 for the piece 67.
2021/12/06 00:04:03: Peer 1003 has downloaded the piece 176 from 1001. Now the number of pieces it has is 202.
2021/12/06 00:04:03: Peer 1003 received the  ‘have’ message from 1002 for the piece 27.
2021/12/06 00:04:03: Peer 1003 has downloaded the piece 258 from 1001. Now the number of pieces it has is 203.
2021/12/06 00:04:03: Peer 1003 received the  ‘have’ message from 1004 for the piece 30.
2021/12/06 00:04:03: Peer 1003 has the preferred neighbors 1004.
2021/12/06 00:04:03: Peer 1003 received the  ‘have’ message from 1004 for the piece 207.
2021/12/06 00:04:03: Peer 1003 received the  ‘have’ message from 1002 for the piece 52.
2021/12/06 00:04:03: Peer 1003 received the  ‘have’ message from 1002 for the piece 180.
2021/12/06 00:04:03: Peer 1003 has downloaded the piece 277 from 1001. Now the number of pieces it has is 204.
2021/12/06 00:04:03: Peer 1003 has downloaded the piece 30 from 1001. Now the number of pieces it has is 205.
2021/12/06 00:04:03: Peer 1003 received the  ‘have’ message from 1002 for the piece 279.
2021/12/06 00:04:03: Peer 1003 received the  ‘have’ message from 1004 for the piece 229.
2021/12/06 00:04:03: Peer 1003 has downloaded the piece 22 from 1001. Now the number of pieces it has is 206.
2021/12/06 00:04:03: Peer 1003 received the  ‘have’ message from 1004 for the piece 146.
2021/12/06 00:04:03: Peer 1003 received the  ‘have’ message from 1002 for the piece 109.
2021/12/06 00:04:03: Peer 1003 has downloaded the piece 84 from 1001. Now the number of pieces it has is 207.
2021/12/06 00:04:03: Peer 1003 received the  ‘have’ message from 1004 for the piece 165.
2021/12/06 00:04:03: Peer 1003 received the  ‘have’ message from 1002 for the piece 158.
2021/12/06 00:04:03: Peer 1003 received the  ‘have’ message from 1004 for the piece 224.
2021/12/06 00:04:04: Peer 1003 has downloaded the piece 36 from 1001. Now the number of pieces it has is 208.
2021/12/06 00:04:04: Peer 1003 received the  ‘have’ message from 1004 for the piece 150.
2021/12/06 00:04:04: Peer 1003 has downloaded the piece 205 from 1001. Now the number of pieces it has is 209.
2021/12/06 00:04:04: Peer 1003 received the  ‘have’ message from 1002 for the piece 122.
2021/12/06 00:04:04: Peer 1003 received the  ‘have’ message from 1004 for the piece 73.
2021/12/06 00:04:04: Peer 1003 has downloaded the piece 274 from 1001. Now the number of pieces it has is 210.
2021/12/06 00:04:04: Peer 1003 received the  ‘have’ message from 1002 for the piece 255.
2021/12/06 00:04:04: Peer 1003 received the  ‘have’ message from 1004 for the piece 21.
2021/12/06 00:04:04: Peer 1003 received the  ‘have’ message from 1002 for the piece 14.
2021/12/06 00:04:04: Peer 1003 has downloaded the piece 204 from 1001. Now the number of pieces it has is 211.
2021/12/06 00:04:04: Peer 1003 received the  ‘have’ message from 1002 for the piece 187.
2021/12/06 00:04:04: Peer 1003 received the  ‘have’ message from 1004 for the piece 203.
2021/12/06 00:04:04: Peer 1003 has downloaded the piece 171 from 1001. Now the number of pieces it has is 212.
2021/12/06 00:04:04: Peer 1003 received the  ‘have’ message from 1002 for the piece 240.
2021/12/06 00:04:04: Peer 1003 received the  ‘have’ message from 1004 for the piece 231.
2021/12/06 00:04:04: Peer 1003 has downloaded the piece 111 from 1001. Now the number of pieces it has is 213.
2021/12/06 00:04:04: Peer 1003 received the  ‘have’ message from 1002 for the piece 199.
2021/12/06 00:04:04: Peer 1003 received the  ‘have’ message from 1004 for the piece 127.
2021/12/06 00:04:04: Peer 1003 has downloaded the piece 83 from 1001. Now the number of pieces it has is 214.
2021/12/06 00:04:04: Peer 1003 received the  ‘have’ message from 1002 for the piece 215.
2021/12/06 00:04:04: Peer 1003 received the  ‘have’ message from 1004 for the piece 279.
2021/12/06 00:04:04: Peer 1003 has downloaded the piece 231 from 1001. Now the number of pieces it has is 215.
2021/12/06 00:04:04: Peer 1003 received the  ‘have’ message from 1002 for the piece 40.
2021/12/06 00:04:04: Peer 1003 received the  ‘have’ message from 1004 for the piece 200.
2021/12/06 00:04:04: Peer 1003 received the  ‘have’ message from 1002 for the piece 231.
2021/12/06 00:04:04: Peer 1003 has downloaded the piece 18 from 1001. Now the number of pieces it has is 216.
2021/12/06 00:04:04: Peer 1003 received the  ‘have’ message from 1004 for the piece 90.
2021/12/06 00:04:04: Peer 1003 has the preferred neighbors 1004.
2021/12/06 00:04:04: Peer 1003 has downloaded the piece 265 from 1001. Now the number of pieces it has is 217.
2021/12/06 00:04:04: Peer 1003 received the  ‘have’ message from 1002 for the piece 191.
2021/12/06 00:04:04: Peer 1003 received the  ‘have’ message from 1004 for the piece 230.
2021/12/06 00:04:04: Peer 1003 has downloaded the piece 159 from 1001. Now the number of pieces it has is 218.
2021/12/06 00:04:04: Peer 1003 received the  ‘have’ message from 1004 for the piece 277.
2021/12/06 00:04:04: Peer 1003 received the  ‘have’ message from 1002 for the piece 106.
2021/12/06 00:04:04: Peer 1003 has downloaded the piece 80 from 1001. Now the number of pieces it has is 219.
2021/12/06 00:04:04: Peer 1003 received the  ‘have’ message from 1002 for the piece 155.
2021/12/06 00:04:04: Peer 1003 received the  ‘have’ message from 1004 for the piece 18.
2021/12/06 00:04:04: Peer 1003 has downloaded the piece 230 from 1001. Now the number of pieces it has is 220.
2021/12/06 00:04:04: Peer 1003 received the  ‘have’ message from 1004 for the piece 45.
2021/12/06 00:04:04: Peer 1003 received the  ‘have’ message from 1002 for the piece 223.
2021/12/06 00:04:04: Peer 1003 has downloaded the piece 239 from 1001. Now the number of pieces it has is 221.
2021/12/06 00:04:05: Peer 1003 received the  ‘have’ message from 1004 for the piece 6.
2021/12/06 00:04:05: Peer 1003 received the  ‘have’ message from 1002 for the piece 138.
2021/12/06 00:04:05: Peer 1003 has downloaded the piece 116 from 1001. Now the number of pieces it has is 222.
2021/12/06 00:04:05: Peer 1003 received the  ‘have’ message from 1004 for the piece 280.
2021/12/06 00:04:05: Peer 1003 received the  ‘have’ message from 1002 for the piece 150.
2021/12/06 00:04:05: Peer 1003 has downloaded the piece 175 from 1001. Now the number of pieces it has is 223.
2021/12/06 00:04:05: Peer 1003 received the  ‘have’ message from 1004 for the piece 161.
2021/12/06 00:04:05: Peer 1003 received the  ‘have’ message from 1002 for the piece 225.
2021/12/06 00:04:05: Peer 1003 has downloaded the piece 121 from 1001. Now the number of pieces it has is 224.
2021/12/06 00:04:05: Peer 1003 received the  ‘have’ message from 1004 for the piece 149.
2021/12/06 00:04:05: Peer 1003 has downloaded the piece 115 from 1001. Now the number of pieces it has is 225.
2021/12/06 00:04:05: Peer 1003 received the  ‘have’ message from 1002 for the piece 39.
2021/12/06 00:04:05: Peer 1003 has downloaded the piece 14 from 1001. Now the number of pieces it has is 226.
2021/12/06 00:04:05: Peer 1003 received the  ‘have’ message from 1004 for the piece 190.
2021/12/06 00:04:05: Peer 1003 received the  ‘have’ message from 1002 for the piece 89.
2021/12/06 00:04:05: Peer 1003 received the  ‘have’ message from 1002 for the piece 262.
2021/12/06 00:04:05: Peer 1003 received the  ‘have’ message from 1004 for the piece 20.
2021/12/06 00:04:05: Peer 1003 has downloaded the piece 46 from 1001. Now the number of pieces it has is 227.
2021/12/06 00:04:05: Peer 1003 received the  ‘have’ message from 1004 for the piece 31.
2021/12/06 00:04:05: Peer 1003 has downloaded the piece 180 from 1001. Now the number of pieces it has is 228.
2021/12/06 00:04:05: Peer 1003 received the  ‘have’ message from 1002 for the piece 43.
2021/12/06 00:04:05: Peer 1003 received the  ‘have’ message from 1004 for the piece 120.
2021/12/06 00:04:05: Peer 1003 received the  ‘have’ message from 1004 for the piece 102.
2021/12/06 00:04:05: Peer 1003 has downloaded the piece 250 from 1001. Now the number of pieces it has is 229.
2021/12/06 00:04:05: Peer 1003 received the  ‘have’ message from 1002 for the piece 247.
2021/12/06 00:04:05: Peer 1003 received the  ‘have’ message from 1004 for the piece 8.
2021/12/06 00:04:05: Peer 1003 received the  ‘have’ message from 1004 for the piece 155.
2021/12/06 00:04:05: Peer 1003 has downloaded the piece 94 from 1001. Now the number of pieces it has is 230.
2021/12/06 00:04:05: Peer 1003 has the preferred neighbors 1004.
2021/12/06 00:04:05: Peer 1003 received the  ‘have’ message from 1002 for the piece 47.
2021/12/06 00:04:05: Peer 1003 received the  ‘have’ message from 1004 for the piece 111.
2021/12/06 00:04:05: Peer 1003 received the  ‘have’ message from 1004 for the piece 267.
2021/12/06 00:04:05: Peer 1003 received the  ‘have’ message from 1002 for the piece 184.
2021/12/06 00:04:05: Peer 1003 has downloaded the piece 190 from 1001. Now the number of pieces it has is 231.
2021/12/06 00:04:05: Peer 1003 received the  ‘have’ message from 1004 for the piece 220.
2021/12/06 00:04:05: Peer 1003 received the  ‘have’ message from 1004 for the piece 10.
2021/12/06 00:04:05: Peer 1003 received the  ‘have’ message from 1002 for the piece 206.
2021/12/06 00:04:05: Peer 1003 has downloaded the piece 133 from 1001. Now the number of pieces it has is 232.
2021/12/06 00:04:05: Peer 1003 received the  ‘have’ message from 1002 for the piece 149.
2021/12/06 00:04:05: Peer 1003 has downloaded the piece 237 from 1001. Now the number of pieces it has is 233.
2021/12/06 00:04:06: Peer 1003 received the  ‘have’ message from 1004 for the piece 61.
2021/12/06 00:04:06: Peer 1003 has downloaded the piece 104 from 1001. Now the number of pieces it has is 234.
2021/12/06 00:04:06: Peer 1003 received the  ‘have’ message from 1004 for the piece 39.
2021/12/06 00:04:06: Peer 1003 received the  ‘have’ message from 1002 for the piece 218.
2021/12/06 00:04:06: Peer 1003 received the  ‘have’ message from 1002 for the piece 261.
2021/12/06 00:04:06: Peer 1003 has downloaded the piece 188 from 1001. Now the number of pieces it has is 235.
2021/12/06 00:04:06: Peer 1003 received the  ‘have’ message from 1004 for the piece 117.
2021/12/06 00:04:06: Peer 1003 received the  ‘have’ message from 1004 for the piece 51.
2021/12/06 00:04:06: Peer 1003 has downloaded the piece 117 from 1001. Now the number of pieces it has is 236.
2021/12/06 00:04:06: Peer 1003 received the  ‘have’ message from 1002 for the piece 159.
2021/12/06 00:04:06: Peer 1003 received the  ‘have’ message from 1004 for the piece 269.
2021/12/06 00:04:06: Peer 1003 received the  ‘have’ message from 1002 for the piece 278.
2021/12/06 00:04:06: Peer 1003 has downloaded the piece 136 from 1001. Now the number of pieces it has is 237.
2021/12/06 00:04:06: Peer 1003 received the  ‘have’ message from 1004 for the piece 143.
2021/12/06 00:04:06: Peer 1003 received the  ‘have’ message from 1002 for the piece 161.
2021/12/06 00:04:06: Peer 1003 has downloaded the piece 197 from 1001. Now the number of pieces it has is 238.
2021/12/06 00:04:06: Peer 1003 received the  ‘have’ message from 1004 for the piece 115.
2021/12/06 00:04:06: Peer 1003 has downloaded the piece 269 from 1001. Now the number of pieces it has is 239.
2021/12/06 00:04:06: Peer 1003 received the  ‘have’ message from 1004 for the piece 212.
2021/12/06 00:04:06: Peer 1003 received the  ‘have’ message from 1002 for the piece 3.
2021/12/06 00:04:06: Peer 1003 received the  ‘have’ message from 1004 for the piece 98.
2021/12/06 00:04:06: Peer 1003 has downloaded the piece 23 from 1001. Now the number of pieces it has is 240.
2021/12/06 00:04:06: Peer 1003 received the  ‘have’ message from 1002 for the piece 15.
2021/12/06 00:04:06: Peer 1003 received the  ‘have’ message from 1004 for the piece 275.
2021/12/06 00:04:06: Peer 1003 has downloaded the piece 11 from 1001. Now the number of pieces it has is 241.
2021/12/06 00:04:06: Peer 1003 has downloaded the piece 95 from 1001. Now the number of pieces it has is 242.
2021/12/06 00:04:06: Peer 1003 received the  ‘have’ message from 1004 for the piece 250.
2021/12/06 00:04:06: Peer 1003 has the preferred neighbors 1004.
2021/12/06 00:04:06: Peer 1003 received the  ‘have’ message from 1002 for the piece 44.
2021/12/06 00:04:06: Peer 1003 received the  ‘have’ message from 1004 for the piece 34.
2021/12/06 00:04:06: Peer 1003 has downloaded the piece 78 from 1001. Now the number of pieces it has is 243.
2021/12/06 00:04:06: Peer 1003 received the  ‘have’ message from 1002 for the piece 6.
2021/12/06 00:04:06: Peer 1003 received the  ‘have’ message from 1004 for the piece 178.
2021/12/06 00:04:06: Peer 1003 received the  ‘have’ message from 1002 for the piece 139.
2021/12/06 00:04:06: Peer 1003 has downloaded the piece 276 from 1001. Now the number of pieces it has is 244.
2021/12/06 00:04:06: Peer 1003 received the  ‘have’ message from 1004 for the piece 187.
2021/12/06 00:04:06: Peer 1003 received the  ‘have’ message from 1002 for the piece 264.
2021/12/06 00:04:06: Peer 1003 received the  ‘have’ message from 1004 for the piece 64.
2021/12/06 00:04:06: Peer 1003 has downloaded the piece 264 from 1001. Now the number of pieces it has is 245.
2021/12/06 00:04:07: Peer 1003 received the  ‘have’ message from 1004 for the piece 232.
2021/12/06 00:04:07: Peer 1003 has downloaded the piece 106 from 1001. Now the number of pieces it has is 246.
2021/12/06 00:04:07: Peer 1003 received the  ‘have’ message from 1002 for the piece 96.
2021/12/06 00:04:07: Peer 1003 has downloaded the piece 229 from 1001. Now the number of pieces it has is 247.
2021/12/06 00:04:07: Peer 1003 received the  ‘have’ message from 1004 for the piece 241.
2021/12/06 00:04:07: Peer 1003 received the  ‘have’ message from 1002 for the piece 84.
2021/12/06 00:04:07: Peer 1003 received the  ‘have’ message from 1004 for the piece 257.
2021/12/06 00:04:07: Peer 1003 has downloaded the piece 271 from 1001. Now the number of pieces it has is 248.
2021/12/06 00:04:07: Peer 1003 received the  ‘have’ message from 1002 for the piece 226.
2021/12/06 00:04:07: Peer 1003 received the  ‘have’ message from 1004 for the piece 56.
2021/12/06 00:04:07: Peer 1003 received the  ‘have’ message from 1004 for the piece 44.
2021/12/06 00:04:07: Peer 1003 has downloaded the piece 130 from 1001. Now the number of pieces it has is 249.
2021/12/06 00:04:07: Peer 1003 received the  ‘have’ message from 1002 for the piece 245.
2021/12/06 00:04:07: Peer 1003 received the  ‘have’ message from 1004 for the piece 253.
2021/12/06 00:04:07: Peer 1003 has downloaded the piece 252 from 1001. Now the number of pieces it has is 250.
2021/12/06 00:04:07: Peer 1003 received the  ‘have’ message from 1002 for the piece 32.
2021/12/06 00:04:07: Peer 1003 received the  ‘have’ message from 1002 for the piece 160.
2021/12/06 00:04:07: Peer 1003 received the  ‘have’ message from 1004 for the piece 145.
2021/12/06 00:04:07: Peer 1003 has downloaded the piece 146 from 1001. Now the number of pieces it has is 251.
2021/12/06 00:04:07: Peer 1003 received the  ‘have’ message from 1002 for the piece 2.
2021/12/06 00:04:07: Peer 1003 received the  ‘have’ message from 1004 for the piece 62.
2021/12/06 00:04:07: Peer 1003 has downloaded the piece 119 from 1001. Now the number of pieces it has is 252.
2021/12/06 00:04:07: Peer 1003 has the preferred neighbors 1004.
2021/12/06 00:04:07: Peer 1003 received the  ‘have’ message from 1004 for the piece 210.
2021/12/06 00:04:07: Peer 1003 has downloaded the piece 222 from 1001. Now the number of pieces it has is 253.
2021/12/06 00:04:07: Peer 1003 received the  ‘have’ message from 1002 for the piece 256.
2021/12/06 00:04:07: Peer 1003 has downloaded the piece 7 from 1001. Now the number of pieces it has is 254.
2021/12/06 00:04:07: Peer 1003 received the  ‘have’ message from 1004 for the piece 70.
2021/12/06 00:04:07: Peer 1003 has downloaded the piece 33 from 1001. Now the number of pieces it has is 255.
2021/12/06 00:04:07: Peer 1003 received the  ‘have’ message from 1002 for the piece 217.
2021/12/06 00:04:07: Peer 1003 received the  ‘have’ message from 1004 for the piece 276.
2021/12/06 00:04:07: Peer 1003 has downloaded the piece 179 from 1001. Now the number of pieces it has is 256.
2021/12/06 00:04:07: Peer 1003 received the  ‘have’ message from 1004 for the piece 126.
2021/12/06 00:04:07: Peer 1003 received the  ‘have’ message from 1002 for the piece 270.
2021/12/06 00:04:08: Peer 1003 has downloaded the piece 126 from 1001. Now the number of pieces it has is 257.
2021/12/06 00:04:08: Peer 1003 received the  ‘have’ message from 1004 for the piece 13.
2021/12/06 00:04:08: Peer 1003 received the  ‘have’ message from 1002 for the piece 173.
2021/12/06 00:04:08: Peer 1003 received the  ‘have’ message from 1004 for the piece 55.
2021/12/06 00:04:08: Peer 1003 has downloaded the piece 262 from 1001. Now the number of pieces it has is 258.
2021/12/06 00:04:08: Peer 1003 received the  ‘have’ message from 1002 for the piece 99.
2021/12/06 00:04:08: Peer 1003 has downloaded the piece 218 from 1001. Now the number of pieces it has is 259.
2021/12/06 00:04:08: Peer 1003 received the  ‘have’ message from 1004 for the piece 263.
2021/12/06 00:04:08: Peer 1003 received the  ‘have’ message from 1002 for the piece 153.
2021/12/06 00:04:08: Peer 1003 received the  ‘have’ message from 1004 for the piece 260.
2021/12/06 00:04:08: Peer 1003 has downloaded the piece 177 from 1001. Now the number of pieces it has is 260.
2021/12/06 00:04:08: Peer 1003 received the  ‘have’ message from 1004 for the piece 0.
2021/12/06 00:04:08: Peer 1003 received the  ‘have’ message from 1002 for the piece 8.
2021/12/06 00:04:08: Peer 1003 received the  ‘have’ message from 1004 for the piece 159.
2021/12/06 00:04:08: Peer 1003 received the  ‘have’ message from 1002 for the piece 201.
2021/12/06 00:04:08: Peer 1003 has downloaded the piece 154 from 1001. Now the number of pieces it has is 261.
2021/12/06 00:04:08: Peer 1003 received the  ‘have’ message from 1004 for the piece 191.
2021/12/06 00:04:08: Peer 1003 has downloaded the piece 247 from 1001. Now the number of pieces it has is 262.
2021/12/06 00:04:08: Peer 1003 received the  ‘have’ message from 1002 for the piece 133.
2021/12/06 00:04:08: Peer 1003 received the  ‘have’ message from 1002 for the piece 193.
2021/12/06 00:04:08: Peer 1003 received the  ‘have’ message from 1004 for the piece 247.
2021/12/06 00:04:08: Peer 1003 has downloaded the piece 26 from 1001. Now the number of pieces it has is 263.
2021/12/06 00:04:08: Peer 1003 has the preferred neighbors 1004.
2021/12/06 00:04:08: Peer 1003 received the  ‘have’ message from 1002 for the piece 190.
2021/12/06 00:04:08: Peer 1003 has downloaded the piece 5 from 1001. Now the number of pieces it has is 264.
2021/12/06 00:04:08: Peer 1003 received the  ‘have’ message from 1004 for the piece 1.
2021/12/06 00:04:08: Peer 1003 has downloaded the piece 194 from 1001. Now the number of pieces it has is 265.
2021/12/06 00:04:08: Peer 1003 received the  ‘have’ message from 1004 for the piece 228.
2021/12/06 00:04:08: Peer 1003 received the  ‘have’ message from 1004 for the piece 71.
2021/12/06 00:04:08: Peer 1003 received the  ‘have’ message from 1002 for the piece 167.
2021/12/06 00:04:08: Peer 1003 has downloaded the piece 246 from 1001. Now the number of pieces it has is 266.
2021/12/06 00:04:08: Peer 1003 has downloaded the piece 200 from 1001. Now the number of pieces it has is 267.
2021/12/06 00:04:08: Peer 1003 received the  ‘have’ message from 1004 for the piece 60.
2021/12/06 00:04:08: Peer 1003 received the  ‘have’ message from 1002 for the piece 277.
2021/12/06 00:04:09: Peer 1003 has downloaded the piece 67 from 1001. Now the number of pieces it has is 268.
2021/12/06 00:04:09: Peer 1003 received the  ‘have’ message from 1002 for the piece 211.
2021/12/06 00:04:09: Peer 1003 received the  ‘have’ message from 1004 for the piece 112.
2021/12/06 00:04:09: Peer 1003 has downloaded the piece 257 from 1001. Now the number of pieces it has is 269.
2021/12/06 00:04:09: Peer 1003 has downloaded the piece 259 from 1001. Now the number of pieces it has is 270.
2021/12/06 00:04:09: Peer 1003 has downloaded the piece 76 from 1001. Now the number of pieces it has is 271.
2021/12/06 00:04:09: Peer 1003 received the  ‘have’ message from 1004 for the piece 96.
2021/12/06 00:04:09: Peer 1003 received the  ‘have’ message from 1002 for the piece 276.
2021/12/06 00:04:09: Peer 1003 has downloaded the piece 73 from 1001. Now the number of pieces it has is 272.
2021/12/06 00:04:09: Peer 1003 received the  ‘have’ message from 1002 for the piece 121.
2021/12/06 00:04:09: Peer 1003 has downloaded the piece 98 from 1001. Now the number of pieces it has is 273.
2021/12/06 00:04:09: Peer 1003 received the  ‘have’ message from 1004 for the piece 74.
2021/12/06 00:04:09: Peer 1003 has downloaded the piece 210 from 1001. Now the number of pieces it has is 274.
2021/12/06 00:04:09: Peer 1003 received the  ‘have’ message from 1004 for the piece 75.
2021/12/06 00:04:09: Peer 1003 received the  ‘have’ message from 1002 for the piece 254.
2021/12/06 00:04:09: Peer 1003 has downloaded the piece 9 from 1001. Now the number of pieces it has is 275.
2021/12/06 00:04:09: Peer 1003 received the  ‘have’ message from 1002 for the piece 204.
2021/12/06 00:04:09: Peer 1003 received the  ‘have’ message from 1004 for the piece 5.
2021/12/06 00:04:09: Peer 1003 has downloaded the piece 162 from 1001. Now the number of pieces it has is 276.
2021/12/06 00:04:09: Peer 1003 has downloaded the piece 182 from 1001. Now the number of pieces it has is 277.
2021/12/06 00:04:09: Peer 1003 has the preferred neighbors 1004.
2021/12/06 00:04:09: Peer 1003 received the  ‘have’ message from 1002 for the piece 130.
2021/12/06 00:04:09: Peer 1003 has downloaded the piece 270 from 1001. Now the number of pieces it has is 278.
2021/12/06 00:04:09: Peer 1003 received the  ‘have’ message from 1004 for the piece 206.
2021/12/06 00:04:09: Peer 1003 received the  ‘have’ message from 1004 for the piece 32.
2021/12/06 00:04:09: Peer 1003 has downloaded the piece 55 from 1001. Now the number of pieces it has is 279.
2021/12/06 00:04:09: Peer 1003 received the  ‘have’ message from 1002 for the piece 81.
2021/12/06 00:04:09: Peer 1003 received the  ‘have’ message from 1004 for the piece 38.
2021/12/06 00:04:09: Peer 1003 has downloaded the piece 107 from 1001. Now the number of pieces it has is 280.
2021/12/06 00:04:09: Peer 1003 received the  ‘have’ message from 1002 for the piece 189.
2021/12/06 00:04:09: Peer 1003 received the  ‘have’ message from 1004 for the piece 188.
2021/12/06 00:04:10: Peer 1003 received the  ‘have’ message from 1002 for the piece 134.
2021/12/06 00:04:10: Peer 1003 has downloaded the piece 211 from 1001. Now the number of pieces it has is 281.
2021/12/06 00:04:10: Peer 1003has downloaded the complete file.
2021/12/06 00:04:10: Peer 1003 received the  ‘have’ message from 1004 for the piece 94.
2021/12/06 00:04:10: Peer 1003 received the  ‘have’ message from 1004 for the piece 163.
2021/12/06 00:04:10: Peer 1003 received the  ‘have’ message from 1002 for the piece 269.
2021/12/06 00:04:10: Peer 1003 received the  ‘have’ message from 1004 for the piece 208.
2021/12/06 00:04:10: Peer 1003 received the ‘not interested’ message from 1001.
2021/12/06 00:04:10: Peer 1003 received the  ‘have’ message from 1002 for the piece 131.
2021/12/06 00:04:10: Peer 1003 received the  ‘have’ message from 1004 for the piece 118.
2021/12/06 00:04:10: Peer 1003 is choked by 1001.
2021/12/06 00:04:10: Peer 1003 received the  ‘have’ message from 1002 for the piece 171.
2021/12/06 00:04:10: Peer 1003 received the  ‘have’ message from 1004 for the piece 104.
2021/12/06 00:04:10: Peer 1003 received the  ‘have’ message from 1004 for the piece 43.
2021/12/06 00:04:10: Peer 1003 received the  ‘have’ message from 1002 for the piece 260.
2021/12/06 00:04:10: Peer 1003 received the  ‘have’ message from 1004 for the piece 185.
2021/12/06 00:04:10: Peer 1003 received the  ‘have’ message from 1002 for the piece 7.
2021/12/06 00:04:10: Peer 1003 has the preferred neighbors 1004.
2021/12/06 00:04:10: Peer 1003 received the  ‘have’ message from 1004 for the piece 262.
2021/12/06 00:04:10: Peer 1003 received the  ‘have’ message from 1004 for the piece 37.
2021/12/06 00:04:11: Peer 1003 received the  ‘have’ message from 1004 for the piece 132.
2021/12/06 00:04:11: Peer 1003 has the preferred neighbors 1004.
