2021/12/06 00:03:44: Peer 1001 has the preferred neighbors .
2021/12/06 00:03:45: Peer 1001 has the preferred neighbors .
2021/12/06 00:03:46: Peer 1001 has the preferred neighbors .
2021/12/06 00:03:47: Peer 1001 has the preferred neighbors .
2021/12/06 00:03:48: Peer 1001 has the preferred neighbors .
2021/12/06 00:03:49: Peer 1001 has the preferred neighbors .
2021/12/06 00:03:50: Peer 1001 has the preferred neighbors .
2021/12/06 00:03:51: Peer 1001 has the preferred neighbors .
2021/12/06 00:03:52: Peer 1001 has the preferred neighbors .
2021/12/06 00:03:52: Peer 1001 makes a connection to Peer 1002.
2021/12/06 00:03:52: Peer 1001 makes a connection to Peer 1003.
2021/12/06 00:03:52: Peer 1001 received the ‘interested’ message from 1002.
2021/12/06 00:03:52: Peer 1001 received the ‘interested’ message from 1003.
2021/12/06 00:03:53: Peer 1001 has the preferred neighbors 1002, 1003.
2021/12/06 00:03:53: Peer 1001 received the  ‘have’ message from 1002 for the piece 63.
2021/12/06 00:03:53: Peer 1001 received the  ‘have’ message from 1003 for the piece 2.
2021/12/06 00:03:53: Peer 1001 received the  ‘have’ message from 1002 for the piece 280.
2021/12/06 00:03:53: Peer 1001 received the  ‘have’ message from 1003 for the piece 99.
2021/12/06 00:03:53: Peer 1001 received the  ‘have’ message from 1002 for the piece 80.
2021/12/06 00:03:53: Peer 1001 received the  ‘have’ message from 1003 for the piece 144.
2021/12/06 00:03:53: Peer 1001 received the  ‘have’ message from 1002 for the piece 17.
2021/12/06 00:03:53: Peer 1001 received the  ‘have’ message from 1003 for the piece 279.
2021/12/06 00:03:53: Peer 1001 received the  ‘have’ message from 1002 for the piece 66.
2021/12/06 00:03:53: Peer 1001 received the  ‘have’ message from 1003 for the piece 248.
2021/12/06 00:03:53: Peer 1001 received the  ‘have’ message from 1002 for the piece 163.
2021/12/06 00:03:53: Peer 1001 received the  ‘have’ message from 1003 for the piece 147.
2021/12/06 00:03:53: Peer 1001 received the  ‘have’ message from 1002 for the piece 242.
2021/12/06 00:03:53: Peer 1001 received the  ‘have’ message from 1003 for the piece 241.
2021/12/06 00:03:53: Peer 1001 received the  ‘have’ message from 1002 for the piece 141.
2021/12/06 00:03:53: Peer 1001 received the  ‘have’ message from 1003 for the piece 173.
2021/12/06 00:03:53: Peer 1001 received the  ‘have’ message from 1002 for the piece 236.
2021/12/06 00:03:53: Peer 1001 received the  ‘have’ message from 1003 for the piece 112.
2021/12/06 00:03:53: Peer 1001 received the  ‘have’ message from 1002 for the piece 156.
2021/12/06 00:03:53: Peer 1001 received the  ‘have’ message from 1002 for the piece 273.
2021/12/06 00:03:53: Peer 1001 received the  ‘have’ message from 1003 for the piece 261.
2021/12/06 00:03:53: Peer 1001 received the  ‘have’ message from 1003 for the piece 10.
2021/12/06 00:03:53: Peer 1001 received the  ‘have’ message from 1002 for the piece 263.
2021/12/06 00:03:53: Peer 1001 received the  ‘have’ message from 1003 for the piece 105.
2021/12/06 00:03:53: Peer 1001 received the  ‘have’ message from 1002 for the piece 36.
2021/12/06 00:03:53: Peer 1001 received the  ‘have’ message from 1003 for the piece 178.
2021/12/06 00:03:53: Peer 1001 received the  ‘have’ message from 1002 for the piece 72.
2021/12/06 00:03:53: Peer 1001 received the  ‘have’ message from 1003 for the piece 122.
2021/12/06 00:03:53: Peer 1001 received the  ‘have’ message from 1002 for the piece 115.
2021/12/06 00:03:53: Peer 1001 received the  ‘have’ message from 1003 for the piece 272.
2021/12/06 00:03:53: Peer 1001 received the  ‘have’ message from 1002 for the piece 61.
2021/12/06 00:03:53: Peer 1001 received the  ‘have’ message from 1003 for the piece 45.
2021/12/06 00:03:53: Peer 1001 received the  ‘have’ message from 1002 for the piece 267.
2021/12/06 00:03:53: Peer 1001 received the  ‘have’ message from 1003 for the piece 12.
2021/12/06 00:03:53: Peer 1001 received the  ‘have’ message from 1002 for the piece 70.
2021/12/06 00:03:53: Peer 1001 received the  ‘have’ message from 1003 for the piece 71.
2021/12/06 00:03:53: Peer 1001 received the  ‘have’ message from 1002 for the piece 53.
2021/12/06 00:03:53: Peer 1001 makes a connection to Peer 1004.
2021/12/06 00:03:53: Peer 1001 received the  ‘have’ message from 1003 for the piece 58.
2021/12/06 00:03:53: Peer 1001 received the  ‘have’ message from 1002 for the piece 100.
2021/12/06 00:03:53: Peer 1001 received the  ‘have’ message from 1003 for the piece 266.
2021/12/06 00:03:53: Peer 1001 received the  ‘have’ message from 1002 for the piece 34.
2021/12/06 00:03:53: Peer 1001 received the  ‘have’ message from 1003 for the piece 193.
2021/12/06 00:03:53: Peer 1001 received the ‘interested’ message from 1004.
2021/12/06 00:03:53: Peer 1001 received the  ‘have’ message from 1002 for the piece 175.
2021/12/06 00:03:53: Peer 1001 received the  ‘have’ message from 1003 for the piece 123.
2021/12/06 00:03:54: Peer 1001 received the  ‘have’ message from 1002 for the piece 140.
2021/12/06 00:03:54: Peer 1001 received the  ‘have’ message from 1003 for the piece 79.
2021/12/06 00:03:54: Peer 1001 received the  ‘have’ message from 1002 for the piece 203.
2021/12/06 00:03:54: Peer 1001 received the  ‘have’ message from 1003 for the piece 85.
2021/12/06 00:03:54: Peer 1001 received the  ‘have’ message from 1003 for the piece 207.
2021/12/06 00:03:54: Peer 1001 received the  ‘have’ message from 1002 for the piece 107.
2021/12/06 00:03:54: Peer 1001 received the  ‘have’ message from 1003 for the piece 110.
2021/12/06 00:03:54: Peer 1001 received the  ‘have’ message from 1002 for the piece 129.
2021/12/06 00:03:54: Peer 1001 received the  ‘have’ message from 1003 for the piece 102.
2021/12/06 00:03:54: Peer 1001 received the  ‘have’ message from 1002 for the piece 11.
2021/12/06 00:03:54: Peer 1001 received the  ‘have’ message from 1002 for the piece 154.
2021/12/06 00:03:54: Peer 1001 received the  ‘have’ message from 1003 for the piece 152.
2021/12/06 00:03:54: Peer 1001 received the  ‘have’ message from 1002 for the piece 112.
2021/12/06 00:03:54: Peer 1001 received the  ‘have’ message from 1003 for the piece 15.
2021/12/06 00:03:54: Peer 1001 received the  ‘have’ message from 1002 for the piece 110.
2021/12/06 00:03:54: Peer 1001 received the  ‘have’ message from 1003 for the piece 63.
2021/12/06 00:03:54: Peer 1001 has the preferred neighbors 1002, 1003, 1004.
2021/12/06 00:03:54: Peer 1001 received the  ‘have’ message from 1002 for the piece 274.
2021/12/06 00:03:54: Peer 1001 received the  ‘have’ message from 1003 for the piece 8.
2021/12/06 00:03:54: Peer 1001 received the  ‘have’ message from 1002 for the piece 164.
2021/12/06 00:03:54: Peer 1001 received the  ‘have’ message from 1004 for the piece 153.
2021/12/06 00:03:54: Peer 1001 received the  ‘have’ message from 1003 for the piece 4.
2021/12/06 00:03:54: Peer 1001 received the  ‘have’ message from 1004 for the piece 237.
2021/12/06 00:03:54: Peer 1001 received the  ‘have’ message from 1002 for the piece 243.
2021/12/06 00:03:54: Peer 1001 received the  ‘have’ message from 1003 for the piece 3.
2021/12/06 00:03:54: Peer 1001 received the  ‘have’ message from 1004 for the piece 11.
2021/12/06 00:03:54: Peer 1001 received the  ‘have’ message from 1002 for the piece 58.
2021/12/06 00:03:54: Peer 1001 received the  ‘have’ message from 1004 for the piece 222.
2021/12/06 00:03:54: Peer 1001 received the  ‘have’ message from 1003 for the piece 39.
2021/12/06 00:03:54: Peer 1001 received the  ‘have’ message from 1004 for the piece 177.
2021/12/06 00:03:54: Peer 1001 received the  ‘have’ message from 1002 for the piece 124.
2021/12/06 00:03:54: Peer 1001 received the  ‘have’ message from 1003 for the piece 256.
2021/12/06 00:03:54: Peer 1001 received the  ‘have’ message from 1004 for the piece 156.
2021/12/06 00:03:54: Peer 1001 received the  ‘have’ message from 1002 for the piece 228.
2021/12/06 00:03:54: Peer 1001 received the  ‘have’ message from 1003 for the piece 251.
2021/12/06 00:03:54: Peer 1001 received the  ‘have’ message from 1004 for the piece 255.
2021/12/06 00:03:54: Peer 1001 received the  ‘have’ message from 1004 for the piece 108.
2021/12/06 00:03:54: Peer 1001 received the  ‘have’ message from 1002 for the piece 248.
2021/12/06 00:03:54: Peer 1001 received the  ‘have’ message from 1003 for the piece 186.
2021/12/06 00:03:54: Peer 1001 received the  ‘have’ message from 1004 for the piece 249.
2021/12/06 00:03:54: Peer 1001 received the  ‘have’ message from 1002 for the piece 202.
2021/12/06 00:03:54: Peer 1001 received the  ‘have’ message from 1003 for the piece 65.
2021/12/06 00:03:54: Peer 1001 received the  ‘have’ message from 1002 for the piece 62.
2021/12/06 00:03:54: Peer 1001 received the  ‘have’ message from 1003 for the piece 66.
2021/12/06 00:03:54: Peer 1001 received the  ‘have’ message from 1004 for the piece 227.
2021/12/06 00:03:54: Peer 1001 received the  ‘have’ message from 1004 for the piece 166.
2021/12/06 00:03:54: Peer 1001 received the  ‘have’ message from 1004 for the piece 164.
2021/12/06 00:03:54: Peer 1001 received the  ‘have’ message from 1003 for the piece 19.
2021/12/06 00:03:54: Peer 1001 received the  ‘have’ message from 1002 for the piece 19.
2021/12/06 00:03:54: Peer 1001 received the  ‘have’ message from 1003 for the piece 48.
2021/12/06 00:03:54: Peer 1001 received the  ‘have’ message from 1002 for the piece 237.
2021/12/06 00:03:54: Peer 1001 received the  ‘have’ message from 1004 for the piece 172.
2021/12/06 00:03:54: Peer 1001 received the  ‘have’ message from 1003 for the piece 209.
2021/12/06 00:03:54: Peer 1001 received the  ‘have’ message from 1004 for the piece 189.
2021/12/06 00:03:54: Peer 1001 received the  ‘have’ message from 1002 for the piece 177.
2021/12/06 00:03:54: Peer 1001 received the  ‘have’ message from 1004 for the piece 77.
2021/12/06 00:03:54: Peer 1001 received the  ‘have’ message from 1003 for the piece 37.
2021/12/06 00:03:54: Peer 1001 received the  ‘have’ message from 1002 for the piece 126.
2021/12/06 00:03:54: Peer 1001 received the  ‘have’ message from 1004 for the piece 2.
2021/12/06 00:03:54: Peer 1001 received the  ‘have’ message from 1003 for the piece 242.
2021/12/06 00:03:54: Peer 1001 received the  ‘have’ message from 1002 for the piece 41.
2021/12/06 00:03:54: Peer 1001 received the  ‘have’ message from 1004 for the piece 151.
2021/12/06 00:03:54: Peer 1001 received the  ‘have’ message from 1004 for the piece 3.
2021/12/06 00:03:54: Peer 1001 received the  ‘have’ message from 1003 for the piece 100.
2021/12/06 00:03:54: Peer 1001 received the  ‘have’ message from 1002 for the piece 181.
2021/12/06 00:03:54: Peer 1001 received the  ‘have’ message from 1002 for the piece 272.
2021/12/06 00:03:54: Peer 1001 received the  ‘have’ message from 1003 for the piece 187.
2021/12/06 00:03:54: Peer 1001 received the  ‘have’ message from 1004 for the piece 123.
2021/12/06 00:03:54: Peer 1001 received the  ‘have’ message from 1002 for the piece 244.
2021/12/06 00:03:54: Peer 1001 received the  ‘have’ message from 1003 for the piece 49.
2021/12/06 00:03:54: Peer 1001 received the  ‘have’ message from 1004 for the piece 167.
2021/12/06 00:03:54: Peer 1001 received the  ‘have’ message from 1004 for the piece 116.
2021/12/06 00:03:54: Peer 1001 received the  ‘have’ message from 1002 for the piece 227.
2021/12/06 00:03:54: Peer 1001 received the  ‘have’ message from 1003 for the piece 101.
2021/12/06 00:03:54: Peer 1001 received the  ‘have’ message from 1004 for the piece 265.
2021/12/06 00:03:54: Peer 1001 received the  ‘have’ message from 1002 for the piece 113.
2021/12/06 00:03:54: Peer 1001 received the  ‘have’ message from 1003 for the piece 53.
2021/12/06 00:03:54: Peer 1001 received the  ‘have’ message from 1004 for the piece 251.
2021/12/06 00:03:54: Peer 1001 received the  ‘have’ message from 1002 for the piece 5.
2021/12/06 00:03:54: Peer 1001 received the  ‘have’ message from 1004 for the piece 72.
2021/12/06 00:03:54: Peer 1001 received the  ‘have’ message from 1003 for the piece 131.
2021/12/06 00:03:55: Peer 1001 received the  ‘have’ message from 1002 for the piece 222.
2021/12/06 00:03:55: Peer 1001 received the  ‘have’ message from 1003 for the piece 87.
2021/12/06 00:03:55: Peer 1001 received the  ‘have’ message from 1004 for the piece 22.
2021/12/06 00:03:55: Peer 1001 received the  ‘have’ message from 1004 for the piece 68.
2021/12/06 00:03:55: Peer 1001 received the  ‘have’ message from 1002 for the piece 166.
2021/12/06 00:03:55: Peer 1001 received the  ‘have’ message from 1004 for the piece 93.
2021/12/06 00:03:55: Peer 1001 received the  ‘have’ message from 1003 for the piece 150.
2021/12/06 00:03:55: Peer 1001 received the  ‘have’ message from 1002 for the piece 101.
2021/12/06 00:03:55: Peer 1001 received the  ‘have’ message from 1003 for the piece 217.
2021/12/06 00:03:55: Peer 1001 received the  ‘have’ message from 1002 for the piece 87.
2021/12/06 00:03:55: Peer 1001 received the  ‘have’ message from 1004 for the piece 236.
2021/12/06 00:03:55: Peer 1001 received the  ‘have’ message from 1003 for the piece 216.
2021/12/06 00:03:55: Peer 1001 received the  ‘have’ message from 1004 for the piece 196.
2021/12/06 00:03:55: Peer 1001 received the  ‘have’ message from 1004 for the piece 52.
2021/12/06 00:03:55: Peer 1001 received the  ‘have’ message from 1002 for the piece 207.
2021/12/06 00:03:55: Peer 1001 received the  ‘have’ message from 1003 for the piece 214.
2021/12/06 00:03:55: Peer 1001 received the  ‘have’ message from 1002 for the piece 111.
2021/12/06 00:03:55: Peer 1001 received the  ‘have’ message from 1004 for the piece 221.
2021/12/06 00:03:55: Peer 1001 received the  ‘have’ message from 1003 for the piece 86.
2021/12/06 00:03:55: Peer 1001 has the preferred neighbors 1002, 1003, 1004.
2021/12/06 00:03:55: Peer 1001 received the  ‘have’ message from 1002 for the piece 71.
2021/12/06 00:03:55: Peer 1001 received the  ‘have’ message from 1004 for the piece 266.
2021/12/06 00:03:55: Peer 1001 received the  ‘have’ message from 1003 for the piece 228.
2021/12/06 00:03:55: Peer 1001 received the  ‘have’ message from 1004 for the piece 148.
2021/12/06 00:03:55: Peer 1001 received the  ‘have’ message from 1002 for the piece 22.
2021/12/06 00:03:55: Peer 1001 received the  ‘have’ message from 1003 for the piece 238.
2021/12/06 00:03:55: Peer 1001 received the  ‘have’ message from 1002 for the piece 93.
2021/12/06 00:03:55: Peer 1001 received the  ‘have’ message from 1004 for the piece 29.
2021/12/06 00:03:55: Peer 1001 received the  ‘have’ message from 1003 for the piece 74.
2021/12/06 00:03:55: Peer 1001 received the  ‘have’ message from 1002 for the piece 33.
2021/12/06 00:03:55: Peer 1001 received the  ‘have’ message from 1004 for the piece 278.
2021/12/06 00:03:55: Peer 1001 received the  ‘have’ message from 1003 for the piece 165.
2021/12/06 00:03:55: Peer 1001 received the  ‘have’ message from 1004 for the piece 113.
2021/12/06 00:03:55: Peer 1001 received the  ‘have’ message from 1002 for the piece 116.
2021/12/06 00:03:55: Peer 1001 received the  ‘have’ message from 1004 for the piece 256.
2021/12/06 00:03:55: Peer 1001 received the  ‘have’ message from 1003 for the piece 234.
2021/12/06 00:03:55: Peer 1001 received the  ‘have’ message from 1002 for the piece 108.
2021/12/06 00:03:55: Peer 1001 received the  ‘have’ message from 1004 for the piece 7.
2021/12/06 00:03:55: Peer 1001 received the  ‘have’ message from 1003 for the piece 70.
2021/12/06 00:03:55: Peer 1001 received the  ‘have’ message from 1002 for the piece 1.
2021/12/06 00:03:55: Peer 1001 received the  ‘have’ message from 1004 for the piece 154.
2021/12/06 00:03:55: Peer 1001 received the  ‘have’ message from 1003 for the piece 215.
2021/12/06 00:03:55: Peer 1001 received the  ‘have’ message from 1002 for the piece 258.
2021/12/06 00:03:55: Peer 1001 received the  ‘have’ message from 1004 for the piece 180.
2021/12/06 00:03:55: Peer 1001 received the  ‘have’ message from 1002 for the piece 230.
2021/12/06 00:03:55: Peer 1001 received the  ‘have’ message from 1003 for the piece 60.
2021/12/06 00:03:55: Peer 1001 received the  ‘have’ message from 1004 for the piece 82.
2021/12/06 00:03:55: Peer 1001 received the  ‘have’ message from 1002 for the piece 50.
2021/12/06 00:03:55: Peer 1001 received the  ‘have’ message from 1004 for the piece 202.
2021/12/06 00:03:55: Peer 1001 received the  ‘have’ message from 1003 for the piece 158.
2021/12/06 00:03:55: Peer 1001 received the  ‘have’ message from 1002 for the piece 94.
2021/12/06 00:03:55: Peer 1001 received the  ‘have’ message from 1004 for the piece 214.
2021/12/06 00:03:55: Peer 1001 received the  ‘have’ message from 1003 for the piece 164.
2021/12/06 00:03:55: Peer 1001 received the  ‘have’ message from 1002 for the piece 21.
2021/12/06 00:03:55: Peer 1001 received the  ‘have’ message from 1004 for the piece 83.
2021/12/06 00:03:55: Peer 1001 received the  ‘have’ message from 1003 for the piece 134.
2021/12/06 00:03:55: Peer 1001 received the  ‘have’ message from 1002 for the piece 246.
2021/12/06 00:03:55: Peer 1001 received the  ‘have’ message from 1004 for the piece 139.
2021/12/06 00:03:55: Peer 1001 received the  ‘have’ message from 1003 for the piece 172.
2021/12/06 00:03:55: Peer 1001 received the  ‘have’ message from 1002 for the piece 174.
2021/12/06 00:03:55: Peer 1001 received the  ‘have’ message from 1004 for the piece 87.
2021/12/06 00:03:55: Peer 1001 received the  ‘have’ message from 1003 for the piece 120.
2021/12/06 00:03:55: Peer 1001 received the  ‘have’ message from 1002 for the piece 198.
2021/12/06 00:03:55: Peer 1001 received the  ‘have’ message from 1004 for the piece 140.
2021/12/06 00:03:55: Peer 1001 received the  ‘have’ message from 1002 for the piece 210.
2021/12/06 00:03:55: Peer 1001 received the  ‘have’ message from 1004 for the piece 205.
2021/12/06 00:03:55: Peer 1001 received the  ‘have’ message from 1003 for the piece 108.
2021/12/06 00:03:55: Peer 1001 received the  ‘have’ message from 1002 for the piece 151.
2021/12/06 00:03:55: Peer 1001 received the  ‘have’ message from 1003 for the piece 96.
2021/12/06 00:03:55: Peer 1001 received the  ‘have’ message from 1004 for the piece 114.
2021/12/06 00:03:55: Peer 1001 received the  ‘have’ message from 1002 for the piece 235.
2021/12/06 00:03:55: Peer 1001 received the  ‘have’ message from 1004 for the piece 49.
2021/12/06 00:03:55: Peer 1001 received the  ‘have’ message from 1003 for the piece 132.
2021/12/06 00:03:55: Peer 1001 received the  ‘have’ message from 1002 for the piece 91.
2021/12/06 00:03:56: Peer 1001 received the  ‘have’ message from 1004 for the piece 219.
2021/12/06 00:03:56: Peer 1001 received the  ‘have’ message from 1003 for the piece 91.
2021/12/06 00:03:56: Peer 1001 received the  ‘have’ message from 1002 for the piece 26.
2021/12/06 00:03:56: Peer 1001 received the  ‘have’ message from 1004 for the piece 65.
2021/12/06 00:03:56: Peer 1001 received the  ‘have’ message from 1003 for the piece 149.
2021/12/06 00:03:56: Peer 1001 received the  ‘have’ message from 1002 for the piece 214.
2021/12/06 00:03:56: Peer 1001 received the  ‘have’ message from 1004 for the piece 42.
2021/12/06 00:03:56: Peer 1001 received the  ‘have’ message from 1002 for the piece 253.
2021/12/06 00:03:56: Peer 1001 received the  ‘have’ message from 1003 for the piece 24.
2021/12/06 00:03:56: Peer 1001 received the  ‘have’ message from 1004 for the piece 209.
2021/12/06 00:03:56: Peer 1001 received the  ‘have’ message from 1002 for the piece 29.
2021/12/06 00:03:56: Peer 1001 received the  ‘have’ message from 1004 for the piece 125.
2021/12/06 00:03:56: Peer 1001 received the  ‘have’ message from 1003 for the piece 56.
2021/12/06 00:03:56: Peer 1001 received the  ‘have’ message from 1004 for the piece 136.
2021/12/06 00:03:56: Peer 1001 received the  ‘have’ message from 1002 for the piece 144.
2021/12/06 00:03:56: Peer 1001 received the  ‘have’ message from 1003 for the piece 97.
2021/12/06 00:03:56: Peer 1001 received the  ‘have’ message from 1004 for the piece 160.
2021/12/06 00:03:56: Peer 1001 has the preferred neighbors 1002, 1003, 1004.
2021/12/06 00:03:56: Peer 1001 received the  ‘have’ message from 1002 for the piece 251.
2021/12/06 00:03:56: Peer 1001 received the  ‘have’ message from 1003 for the piece 160.
2021/12/06 00:03:56: Peer 1001 received the  ‘have’ message from 1004 for the piece 244.
2021/12/06 00:03:56: Peer 1001 received the  ‘have’ message from 1002 for the piece 275.
2021/12/06 00:03:56: Peer 1001 received the  ‘have’ message from 1003 for the piece 103.
2021/12/06 00:03:56: Peer 1001 received the  ‘have’ message from 1004 for the piece 211.
2021/12/06 00:03:56: Peer 1001 received the  ‘have’ message from 1002 for the piece 194.
2021/12/06 00:03:56: Peer 1001 received the  ‘have’ message from 1004 for the piece 240.
2021/12/06 00:03:56: Peer 1001 received the  ‘have’ message from 1003 for the piece 244.
2021/12/06 00:03:56: Peer 1001 received the  ‘have’ message from 1002 for the piece 118.
2021/12/06 00:03:56: Peer 1001 received the  ‘have’ message from 1003 for the piece 31.
2021/12/06 00:03:56: Peer 1001 received the  ‘have’ message from 1004 for the piece 175.
2021/12/06 00:03:56: Peer 1001 received the  ‘have’ message from 1002 for the piece 68.
2021/12/06 00:03:56: Peer 1001 received the  ‘have’ message from 1004 for the piece 274.
2021/12/06 00:03:56: Peer 1001 received the  ‘have’ message from 1003 for the piece 236.
2021/12/06 00:03:56: Peer 1001 received the  ‘have’ message from 1002 for the piece 220.
2021/12/06 00:03:56: Peer 1001 received the  ‘have’ message from 1004 for the piece 173.
2021/12/06 00:03:56: Peer 1001 received the  ‘have’ message from 1003 for the piece 243.
2021/12/06 00:03:56: Peer 1001 received the  ‘have’ message from 1002 for the piece 145.
2021/12/06 00:03:56: Peer 1001 received the  ‘have’ message from 1004 for the piece 252.
2021/12/06 00:03:56: Peer 1001 received the  ‘have’ message from 1003 for the piece 161.
2021/12/06 00:03:56: Peer 1001 received the  ‘have’ message from 1002 for the piece 25.
2021/12/06 00:03:56: Peer 1001 received the  ‘have’ message from 1004 for the piece 147.
2021/12/06 00:03:56: Peer 1001 received the  ‘have’ message from 1004 for the piece 225.
2021/12/06 00:03:56: Peer 1001 received the  ‘have’ message from 1002 for the piece 35.
2021/12/06 00:03:56: Peer 1001 received the  ‘have’ message from 1003 for the piece 280.
2021/12/06 00:03:56: Peer 1001 received the  ‘have’ message from 1002 for the piece 57.
2021/12/06 00:03:56: Peer 1001 received the  ‘have’ message from 1003 for the piece 27.
2021/12/06 00:03:56: Peer 1001 received the  ‘have’ message from 1004 for the piece 158.
2021/12/06 00:03:56: Peer 1001 received the  ‘have’ message from 1004 for the piece 201.
2021/12/06 00:03:56: Peer 1001 received the  ‘have’ message from 1003 for the piece 141.
2021/12/06 00:03:56: Peer 1001 received the  ‘have’ message from 1002 for the piece 0.
2021/12/06 00:03:56: Peer 1001 received the  ‘have’ message from 1004 for the piece 171.
2021/12/06 00:03:56: Peer 1001 received the  ‘have’ message from 1003 for the piece 221.
2021/12/06 00:03:56: Peer 1001 received the  ‘have’ message from 1002 for the piece 234.
2021/12/06 00:03:56: Peer 1001 received the  ‘have’ message from 1003 for the piece 6.
2021/12/06 00:03:56: Peer 1001 received the  ‘have’ message from 1004 for the piece 144.
2021/12/06 00:03:56: Peer 1001 received the  ‘have’ message from 1002 for the piece 86.
2021/12/06 00:03:56: Peer 1001 received the  ‘have’ message from 1004 for the piece 195.
2021/12/06 00:03:56: Peer 1001 received the  ‘have’ message from 1003 for the piece 156.
2021/12/06 00:03:56: Peer 1001 received the  ‘have’ message from 1002 for the piece 104.
2021/12/06 00:03:56: Peer 1001 received the  ‘have’ message from 1004 for the piece 103.
2021/12/06 00:03:56: Peer 1001 received the  ‘have’ message from 1003 for the piece 195.
2021/12/06 00:03:56: Peer 1001 received the  ‘have’ message from 1002 for the piece 172.
2021/12/06 00:03:56: Peer 1001 received the  ‘have’ message from 1003 for the piece 13.
2021/12/06 00:03:56: Peer 1001 received the  ‘have’ message from 1004 for the piece 141.
2021/12/06 00:03:56: Peer 1001 received the  ‘have’ message from 1002 for the piece 179.
2021/12/06 00:03:56: Peer 1001 received the  ‘have’ message from 1004 for the piece 152.
2021/12/06 00:03:56: Peer 1001 received the  ‘have’ message from 1003 for the piece 57.
2021/12/06 00:03:56: Peer 1001 received the  ‘have’ message from 1004 for the piece 235.
2021/12/06 00:03:56: Peer 1001 received the  ‘have’ message from 1002 for the piece 88.
2021/12/06 00:03:57: Peer 1001 received the  ‘have’ message from 1003 for the piece 202.
2021/12/06 00:03:57: Peer 1001 received the  ‘have’ message from 1002 for the piece 200.
2021/12/06 00:03:57: Peer 1001 received the  ‘have’ message from 1004 for the piece 248.
2021/12/06 00:03:57: Peer 1001 received the  ‘have’ message from 1003 for the piece 62.
2021/12/06 00:03:57: Peer 1001 received the  ‘have’ message from 1002 for the piece 4.
2021/12/06 00:03:57: Peer 1001 received the  ‘have’ message from 1004 for the piece 131.
2021/12/06 00:03:57: Peer 1001 received the  ‘have’ message from 1003 for the piece 174.
2021/12/06 00:03:57: Peer 1001 received the  ‘have’ message from 1004 for the piece 57.
2021/12/06 00:03:57: Peer 1001 received the  ‘have’ message from 1002 for the piece 232.
2021/12/06 00:03:57: Peer 1001 received the  ‘have’ message from 1003 for the piece 43.
2021/12/06 00:03:57: Peer 1001 received the  ‘have’ message from 1004 for the piece 28.
2021/12/06 00:03:57: Peer 1001 received the  ‘have’ message from 1002 for the piece 213.
2021/12/06 00:03:57: Peer 1001 received the  ‘have’ message from 1003 for the piece 263.
2021/12/06 00:03:57: Peer 1001 received the  ‘have’ message from 1004 for the piece 63.
2021/12/06 00:03:57: Peer 1001 received the  ‘have’ message from 1002 for the piece 78.
2021/12/06 00:03:57: Peer 1001 received the  ‘have’ message from 1003 for the piece 44.
2021/12/06 00:03:57: Peer 1001 received the  ‘have’ message from 1004 for the piece 79.
2021/12/06 00:03:57: Peer 1001 has the preferred neighbors 1002, 1003, 1004.
2021/12/06 00:03:57: Peer 1001 received the  ‘have’ message from 1002 for the piece 114.
2021/12/06 00:03:57: Peer 1001 received the  ‘have’ message from 1003 for the piece 201.
2021/12/06 00:03:57: Peer 1001 received the  ‘have’ message from 1004 for the piece 119.
2021/12/06 00:03:57: Peer 1001 received the  ‘have’ message from 1002 for the piece 46.
2021/12/06 00:03:57: Peer 1001 received the  ‘have’ message from 1003 for the piece 208.
2021/12/06 00:03:57: Peer 1001 received the  ‘have’ message from 1004 for the piece 134.
2021/12/06 00:03:57: Peer 1001 received the  ‘have’ message from 1003 for the piece 198.
2021/12/06 00:03:57: Peer 1001 received the  ‘have’ message from 1002 for the piece 119.
2021/12/06 00:03:57: Peer 1001 received the  ‘have’ message from 1004 for the piece 157.
2021/12/06 00:03:57: Peer 1001 received the  ‘have’ message from 1003 for the piece 212.
2021/12/06 00:03:57: Peer 1001 received the  ‘have’ message from 1002 for the piece 31.
2021/12/06 00:03:57: Peer 1001 received the  ‘have’ message from 1004 for the piece 197.
2021/12/06 00:03:57: Peer 1001 received the  ‘have’ message from 1003 for the piece 138.
2021/12/06 00:03:57: Peer 1001 received the  ‘have’ message from 1002 for the piece 268.
2021/12/06 00:03:57: Peer 1001 received the  ‘have’ message from 1004 for the piece 129.
2021/12/06 00:03:57: Peer 1001 received the  ‘have’ message from 1003 for the piece 168.
2021/12/06 00:03:57: Peer 1001 received the  ‘have’ message from 1002 for the piece 103.
2021/12/06 00:03:57: Peer 1001 received the  ‘have’ message from 1004 for the piece 47.
2021/12/06 00:03:57: Peer 1001 received the  ‘have’ message from 1003 for the piece 219.
2021/12/06 00:03:57: Peer 1001 received the  ‘have’ message from 1002 for the piece 24.
2021/12/06 00:03:57: Peer 1001 received the  ‘have’ message from 1004 for the piece 95.
2021/12/06 00:03:57: Peer 1001 received the  ‘have’ message from 1003 for the piece 166.
2021/12/06 00:03:57: Peer 1001 received the  ‘have’ message from 1004 for the piece 26.
2021/12/06 00:03:57: Peer 1001 received the  ‘have’ message from 1002 for the piece 10.
2021/12/06 00:03:57: Peer 1001 received the  ‘have’ message from 1003 for the piece 227.
2021/12/06 00:03:57: Peer 1001 received the  ‘have’ message from 1004 for the piece 271.
2021/12/06 00:03:57: Peer 1001 received the  ‘have’ message from 1002 for the piece 48.
2021/12/06 00:03:57: Peer 1001 received the  ‘have’ message from 1003 for the piece 16.
2021/12/06 00:03:57: Peer 1001 received the  ‘have’ message from 1004 for the piece 261.
2021/12/06 00:03:57: Peer 1001 received the  ‘have’ message from 1002 for the piece 239.
2021/12/06 00:03:57: Peer 1001 received the  ‘have’ message from 1003 for the piece 278.
2021/12/06 00:03:57: Peer 1001 received the  ‘have’ message from 1004 for the piece 89.
2021/12/06 00:03:57: Peer 1001 received the  ‘have’ message from 1002 for the piece 102.
2021/12/06 00:03:57: Peer 1001 received the  ‘have’ message from 1003 for the piece 254.
2021/12/06 00:03:57: Peer 1001 received the  ‘have’ message from 1004 for the piece 54.
2021/12/06 00:03:57: Peer 1001 received the  ‘have’ message from 1002 for the piece 127.
2021/12/06 00:03:57: Peer 1001 received the  ‘have’ message from 1003 for the piece 42.
2021/12/06 00:03:57: Peer 1001 received the  ‘have’ message from 1004 for the piece 174.
2021/12/06 00:03:57: Peer 1001 received the  ‘have’ message from 1002 for the piece 79.
2021/12/06 00:03:57: Peer 1001 received the  ‘have’ message from 1003 for the piece 69.
2021/12/06 00:03:57: Peer 1001 received the  ‘have’ message from 1004 for the piece 50.
2021/12/06 00:03:57: Peer 1001 received the  ‘have’ message from 1002 for the piece 162.
2021/12/06 00:03:57: Peer 1001 received the  ‘have’ message from 1004 for the piece 258.
2021/12/06 00:03:57: Peer 1001 received the  ‘have’ message from 1003 for the piece 143.
2021/12/06 00:03:57: Peer 1001 received the  ‘have’ message from 1002 for the piece 146.
2021/12/06 00:03:57: Peer 1001 received the  ‘have’ message from 1004 for the piece 12.
2021/12/06 00:03:58: Peer 1001 received the  ‘have’ message from 1003 for the piece 275.
2021/12/06 00:03:58: Peer 1001 received the  ‘have’ message from 1004 for the piece 245.
2021/12/06 00:03:58: Peer 1001 received the  ‘have’ message from 1002 for the piece 77.
2021/12/06 00:03:58: Peer 1001 received the  ‘have’ message from 1003 for the piece 153.
2021/12/06 00:03:58: Peer 1001 received the  ‘have’ message from 1004 for the piece 100.
2021/12/06 00:03:58: Peer 1001 received the  ‘have’ message from 1002 for the piece 132.
2021/12/06 00:03:58: Peer 1001 received the  ‘have’ message from 1003 for the piece 50.
2021/12/06 00:03:58: Peer 1001 received the  ‘have’ message from 1002 for the piece 238.
2021/12/06 00:03:58: Peer 1001 received the  ‘have’ message from 1004 for the piece 14.
2021/12/06 00:03:58: Peer 1001 received the  ‘have’ message from 1003 for the piece 213.
2021/12/06 00:03:58: Peer 1001 received the  ‘have’ message from 1002 for the piece 169.
2021/12/06 00:03:58: Peer 1001 received the  ‘have’ message from 1004 for the piece 194.
2021/12/06 00:03:58: Peer 1001 received the  ‘have’ message from 1003 for the piece 137.
2021/12/06 00:03:58: Peer 1001 received the  ‘have’ message from 1004 for the piece 109.
2021/12/06 00:03:58: Peer 1001 received the  ‘have’ message from 1002 for the piece 45.
2021/12/06 00:03:58: Peer 1001 received the  ‘have’ message from 1003 for the piece 128.
2021/12/06 00:03:58: Peer 1001 has the preferred neighbors 1002, 1003, 1004.
2021/12/06 00:03:58: Peer 1001 received the  ‘have’ message from 1002 for the piece 259.
2021/12/06 00:03:58: Peer 1001 received the  ‘have’ message from 1004 for the piece 270.
2021/12/06 00:03:58: Peer 1001 received the  ‘have’ message from 1003 for the piece 114.
2021/12/06 00:03:58: Peer 1001 received the  ‘have’ message from 1004 for the piece 59.
2021/12/06 00:03:58: Peer 1001 received the  ‘have’ message from 1002 for the piece 157.
2021/12/06 00:03:58: Peer 1001 received the  ‘have’ message from 1003 for the piece 77.
2021/12/06 00:03:58: Peer 1001 received the  ‘have’ message from 1004 for the piece 35.
2021/12/06 00:03:58: Peer 1001 received the  ‘have’ message from 1002 for the piece 117.
2021/12/06 00:03:58: Peer 1001 received the  ‘have’ message from 1003 for the piece 140.
2021/12/06 00:03:58: Peer 1001 received the  ‘have’ message from 1004 for the piece 182.
2021/12/06 00:03:58: Peer 1001 received the  ‘have’ message from 1002 for the piece 75.
2021/12/06 00:03:58: Peer 1001 received the  ‘have’ message from 1003 for the piece 54.
2021/12/06 00:03:58: Peer 1001 received the  ‘have’ message from 1004 for the piece 84.
2021/12/06 00:03:58: Peer 1001 received the  ‘have’ message from 1002 for the piece 92.
2021/12/06 00:03:58: Peer 1001 received the  ‘have’ message from 1003 for the piece 92.
2021/12/06 00:03:58: Peer 1001 received the  ‘have’ message from 1004 for the piece 238.
2021/12/06 00:03:58: Peer 1001 received the  ‘have’ message from 1002 for the piece 12.
2021/12/06 00:03:58: Peer 1001 received the  ‘have’ message from 1003 for the piece 184.
2021/12/06 00:03:58: Peer 1001 received the  ‘have’ message from 1002 for the piece 56.
2021/12/06 00:03:58: Peer 1001 received the  ‘have’ message from 1004 for the piece 239.
2021/12/06 00:03:58: Peer 1001 received the  ‘have’ message from 1003 for the piece 135.
2021/12/06 00:03:58: Peer 1001 received the  ‘have’ message from 1004 for the piece 226.
2021/12/06 00:03:58: Peer 1001 received the  ‘have’ message from 1002 for the piece 74.
2021/12/06 00:03:58: Peer 1001 received the  ‘have’ message from 1004 for the piece 179.
2021/12/06 00:03:58: Peer 1001 received the  ‘have’ message from 1003 for the piece 34.
2021/12/06 00:03:58: Peer 1001 received the  ‘have’ message from 1002 for the piece 54.
2021/12/06 00:03:58: Peer 1001 received the  ‘have’ message from 1004 for the piece 193.
2021/12/06 00:03:58: Peer 1001 received the  ‘have’ message from 1003 for the piece 72.
2021/12/06 00:03:58: Peer 1001 received the  ‘have’ message from 1002 for the piece 142.
2021/12/06 00:03:58: Peer 1001 received the  ‘have’ message from 1004 for the piece 105.
2021/12/06 00:03:58: Peer 1001 received the  ‘have’ message from 1003 for the piece 61.
2021/12/06 00:03:58: Peer 1001 received the  ‘have’ message from 1004 for the piece 122.
2021/12/06 00:03:58: Peer 1001 received the  ‘have’ message from 1002 for the piece 76.
2021/12/06 00:03:58: Peer 1001 received the  ‘have’ message from 1003 for the piece 224.
2021/12/06 00:03:58: Peer 1001 received the  ‘have’ message from 1004 for the piece 184.
2021/12/06 00:03:58: Peer 1001 received the  ‘have’ message from 1002 for the piece 182.
2021/12/06 00:03:58: Peer 1001 received the  ‘have’ message from 1003 for the piece 220.
2021/12/06 00:03:58: Peer 1001 received the  ‘have’ message from 1004 for the piece 217.
2021/12/06 00:03:58: Peer 1001 received the  ‘have’ message from 1002 for the piece 20.
2021/12/06 00:03:58: Peer 1001 received the  ‘have’ message from 1004 for the piece 9.
2021/12/06 00:03:59: Peer 1001 received the  ‘have’ message from 1003 for the piece 32.
2021/12/06 00:03:59: Peer 1001 received the  ‘have’ message from 1002 for the piece 185.
2021/12/06 00:03:59: Peer 1001 received the  ‘have’ message from 1004 for the piece 107.
2021/12/06 00:03:59: Peer 1001 received the  ‘have’ message from 1003 for the piece 129.
2021/12/06 00:03:59: Peer 1001 received the  ‘have’ message from 1002 for the piece 212.
2021/12/06 00:03:59: Peer 1001 received the  ‘have’ message from 1004 for the piece 86.
2021/12/06 00:03:59: Peer 1001 received the  ‘have’ message from 1003 for the piece 17.
2021/12/06 00:03:59: Peer 1001 received the  ‘have’ message from 1004 for the piece 130.
2021/12/06 00:03:59: Peer 1001 received the  ‘have’ message from 1002 for the piece 233.
2021/12/06 00:03:59: Peer 1001 received the  ‘have’ message from 1003 for the piece 113.
2021/12/06 00:03:59: Peer 1001 received the  ‘have’ message from 1003 for the piece 145.
2021/12/06 00:03:59: Peer 1001 received the  ‘have’ message from 1004 for the piece 168.
2021/12/06 00:03:59: Peer 1001 received the  ‘have’ message from 1002 for the piece 123.
2021/12/06 00:03:59: Peer 1001 has the preferred neighbors 1002, 1003, 1004.
2021/12/06 00:03:59: Peer 1001 received the  ‘have’ message from 1003 for the piece 124.
2021/12/06 00:03:59: Peer 1001 received the  ‘have’ message from 1004 for the piece 169.
2021/12/06 00:03:59: Peer 1001 received the  ‘have’ message from 1002 for the piece 28.
2021/12/06 00:03:59: Peer 1001 received the  ‘have’ message from 1004 for the piece 218.
2021/12/06 00:03:59: Peer 1001 received the  ‘have’ message from 1003 for the piece 148.
2021/12/06 00:03:59: Peer 1001 received the  ‘have’ message from 1002 for the piece 83.
2021/12/06 00:03:59: Peer 1001 received the  ‘have’ message from 1004 for the piece 58.
2021/12/06 00:03:59: Peer 1001 received the  ‘have’ message from 1003 for the piece 255.
2021/12/06 00:03:59: Peer 1001 received the  ‘have’ message from 1002 for the piece 98.
2021/12/06 00:03:59: Peer 1001 received the  ‘have’ message from 1004 for the piece 176.
2021/12/06 00:03:59: Peer 1001 received the  ‘have’ message from 1003 for the piece 142.
2021/12/06 00:03:59: Peer 1001 received the  ‘have’ message from 1002 for the piece 249.
2021/12/06 00:03:59: Peer 1001 received the  ‘have’ message from 1004 for the piece 33.
2021/12/06 00:03:59: Peer 1001 received the  ‘have’ message from 1003 for the piece 183.
2021/12/06 00:03:59: Peer 1001 received the  ‘have’ message from 1002 for the piece 186.
2021/12/06 00:03:59: Peer 1001 received the  ‘have’ message from 1004 for the piece 272.
2021/12/06 00:03:59: Peer 1001 received the  ‘have’ message from 1003 for the piece 167.
2021/12/06 00:03:59: Peer 1001 received the  ‘have’ message from 1002 for the piece 183.
2021/12/06 00:03:59: Peer 1001 received the  ‘have’ message from 1004 for the piece 138.
2021/12/06 00:03:59: Peer 1001 received the  ‘have’ message from 1003 for the piece 203.
2021/12/06 00:03:59: Peer 1001 received the  ‘have’ message from 1002 for the piece 176.
2021/12/06 00:03:59: Peer 1001 received the  ‘have’ message from 1004 for the piece 106.
2021/12/06 00:03:59: Peer 1001 received the  ‘have’ message from 1003 for the piece 41.
2021/12/06 00:03:59: Peer 1001 received the  ‘have’ message from 1004 for the piece 199.
2021/12/06 00:03:59: Peer 1001 received the  ‘have’ message from 1002 for the piece 229.
2021/12/06 00:03:59: Peer 1001 received the  ‘have’ message from 1004 for the piece 137.
2021/12/06 00:03:59: Peer 1001 received the  ‘have’ message from 1003 for the piece 233.
2021/12/06 00:03:59: Peer 1001 received the  ‘have’ message from 1002 for the piece 105.
2021/12/06 00:03:59: Peer 1001 received the  ‘have’ message from 1004 for the piece 91.
2021/12/06 00:03:59: Peer 1001 received the  ‘have’ message from 1003 for the piece 75.
2021/12/06 00:03:59: Peer 1001 received the  ‘have’ message from 1002 for the piece 82.
2021/12/06 00:03:59: Peer 1001 received the  ‘have’ message from 1003 for the piece 25.
2021/12/06 00:03:59: Peer 1001 received the  ‘have’ message from 1004 for the piece 46.
2021/12/06 00:03:59: Peer 1001 received the  ‘have’ message from 1002 for the piece 250.
2021/12/06 00:03:59: Peer 1001 received the  ‘have’ message from 1003 for the piece 51.
2021/12/06 00:03:59: Peer 1001 received the  ‘have’ message from 1004 for the piece 81.
2021/12/06 00:03:59: Peer 1001 received the  ‘have’ message from 1002 for the piece 152.
2021/12/06 00:03:59: Peer 1001 received the  ‘have’ message from 1003 for the piece 157.
2021/12/06 00:03:59: Peer 1001 received the  ‘have’ message from 1004 for the piece 183.
2021/12/06 00:04:00: Peer 1001 received the  ‘have’ message from 1002 for the piece 168.
2021/12/06 00:04:00: Peer 1001 received the  ‘have’ message from 1004 for the piece 27.
2021/12/06 00:04:00: Peer 1001 received the  ‘have’ message from 1003 for the piece 185.
2021/12/06 00:04:00: Peer 1001 received the  ‘have’ message from 1002 for the piece 30.
2021/12/06 00:04:00: Peer 1001 received the  ‘have’ message from 1004 for the piece 133.
2021/12/06 00:04:00: Peer 1001 received the  ‘have’ message from 1003 for the piece 109.
2021/12/06 00:04:00: Peer 1001 received the  ‘have’ message from 1002 for the piece 55.
2021/12/06 00:04:00: Peer 1001 received the  ‘have’ message from 1004 for the piece 17.
2021/12/06 00:04:00: Peer 1001 received the  ‘have’ message from 1003 for the piece 52.
2021/12/06 00:04:00: Peer 1001 received the  ‘have’ message from 1002 for the piece 69.
2021/12/06 00:04:00: Peer 1001 received the  ‘have’ message from 1004 for the piece 233.
2021/12/06 00:04:00: Peer 1001 received the  ‘have’ message from 1003 for the piece 38.
2021/12/06 00:04:00: Peer 1001 has the preferred neighbors 1002, 1003, 1004.
2021/12/06 00:04:00: Peer 1001 received the  ‘have’ message from 1002 for the piece 85.
2021/12/06 00:04:00: Peer 1001 received the  ‘have’ message from 1004 for the piece 99.
2021/12/06 00:04:00: Peer 1001 received the  ‘have’ message from 1003 for the piece 1.
2021/12/06 00:04:00: Peer 1001 received the  ‘have’ message from 1002 for the piece 37.
2021/12/06 00:04:00: Peer 1001 received the  ‘have’ message from 1004 for the piece 243.
2021/12/06 00:04:00: Peer 1001 received the  ‘have’ message from 1003 for the piece 40.
2021/12/06 00:04:00: Peer 1001 received the  ‘have’ message from 1002 for the piece 16.
2021/12/06 00:04:00: Peer 1001 received the  ‘have’ message from 1004 for the piece 16.
2021/12/06 00:04:00: Peer 1001 received the  ‘have’ message from 1003 for the piece 28.
2021/12/06 00:04:00: Peer 1001 received the  ‘have’ message from 1002 for the piece 125.
2021/12/06 00:04:00: Peer 1001 received the  ‘have’ message from 1004 for the piece 69.
2021/12/06 00:04:00: Peer 1001 received the  ‘have’ message from 1003 for the piece 260.
2021/12/06 00:04:00: Peer 1001 received the  ‘have’ message from 1002 for the piece 143.
2021/12/06 00:04:00: Peer 1001 received the  ‘have’ message from 1004 for the piece 223.
2021/12/06 00:04:00: Peer 1001 received the  ‘have’ message from 1002 for the piece 38.
2021/12/06 00:04:00: Peer 1001 received the  ‘have’ message from 1004 for the piece 101.
2021/12/06 00:04:00: Peer 1001 received the  ‘have’ message from 1003 for the piece 82.
2021/12/06 00:04:00: Peer 1001 received the  ‘have’ message from 1004 for the piece 128.
2021/12/06 00:04:00: Peer 1001 received the  ‘have’ message from 1002 for the piece 196.
2021/12/06 00:04:00: Peer 1001 received the  ‘have’ message from 1003 for the piece 139.
2021/12/06 00:04:00: Peer 1001 received the  ‘have’ message from 1002 for the piece 128.
2021/12/06 00:04:00: Peer 1001 received the  ‘have’ message from 1004 for the piece 242.
2021/12/06 00:04:00: Peer 1001 received the  ‘have’ message from 1003 for the piece 267.
2021/12/06 00:04:00: Peer 1001 received the  ‘have’ message from 1002 for the piece 13.
2021/12/06 00:04:00: Peer 1001 received the  ‘have’ message from 1004 for the piece 76.
2021/12/06 00:04:00: Peer 1001 received the  ‘have’ message from 1003 for the piece 232.
2021/12/06 00:04:00: Peer 1001 received the  ‘have’ message from 1004 for the piece 268.
2021/12/06 00:04:00: Peer 1001 received the  ‘have’ message from 1002 for the piece 137.
2021/12/06 00:04:00: Peer 1001 received the  ‘have’ message from 1003 for the piece 93.
2021/12/06 00:04:00: Peer 1001 received the  ‘have’ message from 1004 for the piece 124.
2021/12/06 00:04:00: Peer 1001 received the  ‘have’ message from 1002 for the piece 197.
2021/12/06 00:04:00: Peer 1001 received the  ‘have’ message from 1003 for the piece 64.
2021/12/06 00:04:00: Peer 1001 received the  ‘have’ message from 1004 for the piece 48.
2021/12/06 00:04:00: Peer 1001 received the  ‘have’ message from 1002 for the piece 95.
2021/12/06 00:04:00: Peer 1001 received the  ‘have’ message from 1003 for the piece 170.
2021/12/06 00:04:00: Peer 1001 received the  ‘have’ message from 1004 for the piece 198.
2021/12/06 00:04:00: Peer 1001 received the  ‘have’ message from 1002 for the piece 165.
2021/12/06 00:04:01: Peer 1001 received the  ‘have’ message from 1004 for the piece 40.
2021/12/06 00:04:01: Peer 1001 received the  ‘have’ message from 1003 for the piece 240.
2021/12/06 00:04:01: Peer 1001 received the  ‘have’ message from 1002 for the piece 148.
2021/12/06 00:04:01: Peer 1001 received the  ‘have’ message from 1004 for the piece 204.
2021/12/06 00:04:01: Peer 1001 received the  ‘have’ message from 1003 for the piece 155.
2021/12/06 00:04:01: Peer 1001 received the  ‘have’ message from 1002 for the piece 257.
2021/12/06 00:04:01: Peer 1001 received the  ‘have’ message from 1004 for the piece 25.
2021/12/06 00:04:01: Peer 1001 received the  ‘have’ message from 1003 for the piece 20.
2021/12/06 00:04:01: Peer 1001 received the  ‘have’ message from 1002 for the piece 9.
2021/12/06 00:04:01: Peer 1001 received the  ‘have’ message from 1004 for the piece 121.
2021/12/06 00:04:01: Peer 1001 received the  ‘have’ message from 1003 for the piece 90.
2021/12/06 00:04:01: Peer 1001 received the  ‘have’ message from 1002 for the piece 170.
2021/12/06 00:04:01: Peer 1001 has the preferred neighbors 1002, 1003, 1004.
2021/12/06 00:04:01: Peer 1001 received the  ‘have’ message from 1003 for the piece 29.
2021/12/06 00:04:01: Peer 1001 received the  ‘have’ message from 1004 for the piece 88.
2021/12/06 00:04:01: Peer 1001 received the  ‘have’ message from 1002 for the piece 266.
2021/12/06 00:04:01: Peer 1001 received the  ‘have’ message from 1004 for the piece 85.
2021/12/06 00:04:01: Peer 1001 received the  ‘have’ message from 1003 for the piece 163.
2021/12/06 00:04:01: Peer 1001 received the  ‘have’ message from 1002 for the piece 265.
2021/12/06 00:04:01: Peer 1001 received the  ‘have’ message from 1004 for the piece 66.
2021/12/06 00:04:01: Peer 1001 received the  ‘have’ message from 1003 for the piece 21.
2021/12/06 00:04:01: Peer 1001 received the  ‘have’ message from 1002 for the piece 67.
2021/12/06 00:04:01: Peer 1001 received the  ‘have’ message from 1004 for the piece 92.
2021/12/06 00:04:01: Peer 1001 received the  ‘have’ message from 1003 for the piece 191.
2021/12/06 00:04:01: Peer 1001 received the  ‘have’ message from 1002 for the piece 64.
2021/12/06 00:04:01: Peer 1001 received the  ‘have’ message from 1004 for the piece 192.
2021/12/06 00:04:01: Peer 1001 received the  ‘have’ message from 1003 for the piece 189.
2021/12/06 00:04:01: Peer 1001 received the  ‘have’ message from 1002 for the piece 195.
2021/12/06 00:04:01: Peer 1001 received the  ‘have’ message from 1004 for the piece 170.
2021/12/06 00:04:01: Peer 1001 received the  ‘have’ message from 1003 for the piece 253.
2021/12/06 00:04:01: Peer 1001 received the  ‘have’ message from 1002 for the piece 219.
2021/12/06 00:04:01: Peer 1001 received the  ‘have’ message from 1004 for the piece 254.
2021/12/06 00:04:01: Peer 1001 received the  ‘have’ message from 1003 for the piece 206.
2021/12/06 00:04:01: Peer 1001 received the  ‘have’ message from 1002 for the piece 241.
2021/12/06 00:04:01: Peer 1001 received the  ‘have’ message from 1004 for the piece 234.
2021/12/06 00:04:01: Peer 1001 received the  ‘have’ message from 1003 for the piece 249.
2021/12/06 00:04:01: Peer 1001 received the  ‘have’ message from 1002 for the piece 42.
2021/12/06 00:04:01: Peer 1001 received the  ‘have’ message from 1004 for the piece 4.
2021/12/06 00:04:01: Peer 1001 received the  ‘have’ message from 1003 for the piece 35.
2021/12/06 00:04:01: Peer 1001 received the  ‘have’ message from 1002 for the piece 221.
2021/12/06 00:04:01: Peer 1001 received the  ‘have’ message from 1004 for the piece 80.
2021/12/06 00:04:01: Peer 1001 received the  ‘have’ message from 1003 for the piece 89.
2021/12/06 00:04:01: Peer 1001 received the  ‘have’ message from 1002 for the piece 60.
2021/12/06 00:04:01: Peer 1001 received the  ‘have’ message from 1004 for the piece 41.
2021/12/06 00:04:01: Peer 1001 received the  ‘have’ message from 1003 for the piece 0.
2021/12/06 00:04:01: Peer 1001 received the  ‘have’ message from 1004 for the piece 181.
2021/12/06 00:04:02: Peer 1001 received the  ‘have’ message from 1002 for the piece 49.
2021/12/06 00:04:02: Peer 1001 received the  ‘have’ message from 1004 for the piece 97.
2021/12/06 00:04:02: Peer 1001 received the  ‘have’ message from 1003 for the piece 181.
2021/12/06 00:04:02: Peer 1001 received the  ‘have’ message from 1002 for the piece 192.
2021/12/06 00:04:02: Peer 1001 received the  ‘have’ message from 1004 for the piece 24.
2021/12/06 00:04:02: Peer 1001 received the  ‘have’ message from 1003 for the piece 47.
2021/12/06 00:04:02: Peer 1001 received the  ‘have’ message from 1002 for the piece 252.
2021/12/06 00:04:02: Peer 1001 received the  ‘have’ message from 1004 for the piece 36.
2021/12/06 00:04:02: Peer 1001 received the  ‘have’ message from 1003 for the piece 59.
2021/12/06 00:04:02: Peer 1001 has the preferred neighbors 1002, 1003, 1004.
2021/12/06 00:04:02: Peer 1001 received the  ‘have’ message from 1004 for the piece 53.
2021/12/06 00:04:02: Peer 1001 received the  ‘have’ message from 1002 for the piece 178.
2021/12/06 00:04:02: Peer 1001 received the  ‘have’ message from 1004 for the piece 273.
2021/12/06 00:04:02: Peer 1001 received the  ‘have’ message from 1003 for the piece 88.
2021/12/06 00:04:02: Peer 1001 received the  ‘have’ message from 1002 for the piece 65.
2021/12/06 00:04:02: Peer 1001 received the  ‘have’ message from 1003 for the piece 273.
2021/12/06 00:04:02: Peer 1001 received the  ‘have’ message from 1004 for the piece 110.
2021/12/06 00:04:02: Peer 1001 received the  ‘have’ message from 1002 for the piece 18.
2021/12/06 00:04:02: Peer 1001 received the  ‘have’ message from 1003 for the piece 268.
2021/12/06 00:04:02: Peer 1001 received the  ‘have’ message from 1004 for the piece 135.
2021/12/06 00:04:02: Peer 1001 received the  ‘have’ message from 1002 for the piece 135.
2021/12/06 00:04:02: Peer 1001 received the  ‘have’ message from 1003 for the piece 223.
2021/12/06 00:04:02: Peer 1001 received the  ‘have’ message from 1004 for the piece 23.
2021/12/06 00:04:02: Peer 1001 received the  ‘have’ message from 1002 for the piece 147.
2021/12/06 00:04:02: Peer 1001 received the  ‘have’ message from 1003 for the piece 127.
2021/12/06 00:04:02: Peer 1001 received the  ‘have’ message from 1004 for the piece 78.
2021/12/06 00:04:02: Peer 1001 received the  ‘have’ message from 1003 for the piece 235.
2021/12/06 00:04:02: Peer 1001 received the  ‘have’ message from 1002 for the piece 73.
2021/12/06 00:04:02: Peer 1001 received the  ‘have’ message from 1004 for the piece 19.
2021/12/06 00:04:02: Peer 1001 received the  ‘have’ message from 1003 for the piece 125.
2021/12/06 00:04:02: Peer 1001 received the  ‘have’ message from 1002 for the piece 188.
2021/12/06 00:04:02: Peer 1001 received the  ‘have’ message from 1004 for the piece 15.
2021/12/06 00:04:02: Peer 1001 received the  ‘have’ message from 1003 for the piece 169.
2021/12/06 00:04:02: Peer 1001 received the  ‘have’ message from 1002 for the piece 216.
2021/12/06 00:04:02: Peer 1001 received the  ‘have’ message from 1003 for the piece 196.
2021/12/06 00:04:02: Peer 1001 received the  ‘have’ message from 1002 for the piece 120.
2021/12/06 00:04:02: Peer 1001 received the  ‘have’ message from 1004 for the piece 216.
2021/12/06 00:04:02: Peer 1001 received the  ‘have’ message from 1002 for the piece 23.
2021/12/06 00:04:02: Peer 1001 received the  ‘have’ message from 1003 for the piece 81.
2021/12/06 00:04:02: Peer 1001 received the  ‘have’ message from 1004 for the piece 142.
2021/12/06 00:04:03: Peer 1001 received the  ‘have’ message from 1002 for the piece 97.
2021/12/06 00:04:03: Peer 1001 received the  ‘have’ message from 1003 for the piece 118.
2021/12/06 00:04:03: Peer 1001 received the  ‘have’ message from 1004 for the piece 186.
2021/12/06 00:04:03: Peer 1001 received the  ‘have’ message from 1003 for the piece 225.
2021/12/06 00:04:03: Peer 1001 received the  ‘have’ message from 1002 for the piece 136.
2021/12/06 00:04:03: Peer 1001 received the  ‘have’ message from 1004 for the piece 213.
2021/12/06 00:04:03: Peer 1001 received the  ‘have’ message from 1002 for the piece 90.
2021/12/06 00:04:03: Peer 1001 received the  ‘have’ message from 1003 for the piece 151.
2021/12/06 00:04:03: Peer 1001 received the  ‘have’ message from 1004 for the piece 215.
2021/12/06 00:04:03: Peer 1001 received the  ‘have’ message from 1002 for the piece 51.
2021/12/06 00:04:03: Peer 1001 has the preferred neighbors 1002, 1003, 1004.
2021/12/06 00:04:03: Peer 1001 received the  ‘have’ message from 1003 for the piece 245.
2021/12/06 00:04:03: Peer 1001 received the  ‘have’ message from 1002 for the piece 59.
2021/12/06 00:04:03: Peer 1001 received the  ‘have’ message from 1004 for the piece 246.
2021/12/06 00:04:03: Peer 1001 received the  ‘have’ message from 1002 for the piece 208.
2021/12/06 00:04:03: Peer 1001 received the  ‘have’ message from 1003 for the piece 192.
2021/12/06 00:04:03: Peer 1001 received the  ‘have’ message from 1004 for the piece 162.
2021/12/06 00:04:03: Peer 1001 received the  ‘have’ message from 1002 for the piece 209.
2021/12/06 00:04:03: Peer 1001 received the  ‘have’ message from 1004 for the piece 259.
2021/12/06 00:04:03: Peer 1001 received the  ‘have’ message from 1003 for the piece 199.
2021/12/06 00:04:03: Peer 1001 received the  ‘have’ message from 1002 for the piece 224.
2021/12/06 00:04:03: Peer 1001 received the  ‘have’ message from 1004 for the piece 264.
2021/12/06 00:04:03: Peer 1001 received the  ‘have’ message from 1002 for the piece 205.
2021/12/06 00:04:03: Peer 1001 received the  ‘have’ message from 1003 for the piece 226.
2021/12/06 00:04:03: Peer 1001 received the  ‘have’ message from 1004 for the piece 67.
2021/12/06 00:04:03: Peer 1001 received the  ‘have’ message from 1003 for the piece 68.
2021/12/06 00:04:03: Peer 1001 received the  ‘have’ message from 1002 for the piece 271.
2021/12/06 00:04:03: Peer 1001 received the  ‘have’ message from 1002 for the piece 27.
2021/12/06 00:04:03: Peer 1001 received the  ‘have’ message from 1004 for the piece 30.
2021/12/06 00:04:03: Peer 1001 received the  ‘have’ message from 1003 for the piece 176.
2021/12/06 00:04:03: Peer 1001 received the  ‘have’ message from 1002 for the piece 52.
2021/12/06 00:04:03: Peer 1001 received the  ‘have’ message from 1004 for the piece 207.
2021/12/06 00:04:03: Peer 1001 received the  ‘have’ message from 1003 for the piece 258.
2021/12/06 00:04:03: Peer 1001 received the  ‘have’ message from 1002 for the piece 180.
2021/12/06 00:04:03: Peer 1001 received the  ‘have’ message from 1004 for the piece 229.
2021/12/06 00:04:03: Peer 1001 received the  ‘have’ message from 1003 for the piece 277.
2021/12/06 00:04:03: Peer 1001 received the  ‘have’ message from 1002 for the piece 279.
2021/12/06 00:04:03: Peer 1001 received the  ‘have’ message from 1003 for the piece 30.
2021/12/06 00:04:03: Peer 1001 received the  ‘have’ message from 1004 for the piece 146.
2021/12/06 00:04:03: Peer 1001 received the  ‘have’ message from 1004 for the piece 165.
2021/12/06 00:04:03: Peer 1001 received the  ‘have’ message from 1002 for the piece 109.
2021/12/06 00:04:03: Peer 1001 received the  ‘have’ message from 1003 for the piece 22.
2021/12/06 00:04:04: Peer 1001 received the  ‘have’ message from 1004 for the piece 224.
2021/12/06 00:04:04: Peer 1001 received the  ‘have’ message from 1002 for the piece 158.
2021/12/06 00:04:04: Peer 1001 received the  ‘have’ message from 1003 for the piece 84.
2021/12/06 00:04:04: Peer 1001 received the  ‘have’ message from 1002 for the piece 122.
2021/12/06 00:04:04: Peer 1001 received the  ‘have’ message from 1004 for the piece 150.
2021/12/06 00:04:04: Peer 1001 received the  ‘have’ message from 1003 for the piece 36.
2021/12/06 00:04:04: Peer 1001 received the  ‘have’ message from 1002 for the piece 255.
2021/12/06 00:04:04: Peer 1001 received the  ‘have’ message from 1004 for the piece 73.
2021/12/06 00:04:04: Peer 1001 received the  ‘have’ message from 1003 for the piece 205.
2021/12/06 00:04:04: Peer 1001 has the preferred neighbors 1002, 1003, 1004.
2021/12/06 00:04:04: Peer 1001 received the  ‘have’ message from 1004 for the piece 21.
2021/12/06 00:04:04: Peer 1001 received the  ‘have’ message from 1002 for the piece 14.
2021/12/06 00:04:04: Peer 1001 received the  ‘have’ message from 1003 for the piece 274.
2021/12/06 00:04:04: Peer 1001 received the  ‘have’ message from 1002 for the piece 187.
2021/12/06 00:04:04: Peer 1001 received the  ‘have’ message from 1004 for the piece 203.
2021/12/06 00:04:04: Peer 1001 received the  ‘have’ message from 1003 for the piece 204.
2021/12/06 00:04:04: Peer 1001 received the  ‘have’ message from 1004 for the piece 231.
2021/12/06 00:04:04: Peer 1001 received the  ‘have’ message from 1002 for the piece 240.
2021/12/06 00:04:04: Peer 1001 received the  ‘have’ message from 1003 for the piece 171.
2021/12/06 00:04:04: Peer 1001 received the  ‘have’ message from 1004 for the piece 127.
2021/12/06 00:04:04: Peer 1001 received the  ‘have’ message from 1002 for the piece 199.
2021/12/06 00:04:04: Peer 1001 received the  ‘have’ message from 1003 for the piece 111.
2021/12/06 00:04:04: Peer 1001 received the  ‘have’ message from 1002 for the piece 215.
2021/12/06 00:04:04: Peer 1001 received the  ‘have’ message from 1004 for the piece 279.
2021/12/06 00:04:04: Peer 1001 received the  ‘have’ message from 1002 for the piece 40.
2021/12/06 00:04:04: Peer 1001 received the  ‘have’ message from 1003 for the piece 83.
2021/12/06 00:04:04: Peer 1001 received the  ‘have’ message from 1004 for the piece 200.
2021/12/06 00:04:04: Peer 1001 received the  ‘have’ message from 1002 for the piece 231.
2021/12/06 00:04:04: Peer 1001 received the  ‘have’ message from 1003 for the piece 231.
2021/12/06 00:04:04: Peer 1001 received the  ‘have’ message from 1004 for the piece 90.
2021/12/06 00:04:04: Peer 1001 received the  ‘have’ message from 1003 for the piece 18.
2021/12/06 00:04:04: Peer 1001 received the  ‘have’ message from 1002 for the piece 191.
2021/12/06 00:04:04: Peer 1001 received the  ‘have’ message from 1004 for the piece 230.
2021/12/06 00:04:04: Peer 1001 received the  ‘have’ message from 1003 for the piece 265.
2021/12/06 00:04:04: Peer 1001 received the  ‘have’ message from 1002 for the piece 106.
2021/12/06 00:04:04: Peer 1001 received the  ‘have’ message from 1004 for the piece 277.
2021/12/06 00:04:04: Peer 1001 received the  ‘have’ message from 1003 for the piece 159.
2021/12/06 00:04:04: Peer 1001 received the  ‘have’ message from 1002 for the piece 155.
2021/12/06 00:04:04: Peer 1001 received the  ‘have’ message from 1004 for the piece 18.
2021/12/06 00:04:04: Peer 1001 received the  ‘have’ message from 1003 for the piece 80.
2021/12/06 00:04:04: Peer 1001 received the  ‘have’ message from 1004 for the piece 45.
2021/12/06 00:04:04: Peer 1001 received the  ‘have’ message from 1002 for the piece 223.
2021/12/06 00:04:05: Peer 1001 received the  ‘have’ message from 1003 for the piece 230.
2021/12/06 00:04:05: Peer 1001 received the  ‘have’ message from 1004 for the piece 6.
2021/12/06 00:04:05: Peer 1001 received the  ‘have’ message from 1002 for the piece 138.
2021/12/06 00:04:05: Peer 1001 received the  ‘have’ message from 1003 for the piece 239.
2021/12/06 00:04:05: Peer 1001 received the  ‘have’ message from 1002 for the piece 150.
2021/12/06 00:04:05: Peer 1001 received the  ‘have’ message from 1004 for the piece 280.
2021/12/06 00:04:05: Peer 1001 received the  ‘have’ message from 1003 for the piece 116.
2021/12/06 00:04:05: Peer 1001 received the  ‘have’ message from 1002 for the piece 225.
2021/12/06 00:04:05: Peer 1001 received the  ‘have’ message from 1003 for the piece 175.
2021/12/06 00:04:05: Peer 1001 received the  ‘have’ message from 1004 for the piece 161.
2021/12/06 00:04:05: Peer 1001 received the  ‘have’ message from 1003 for the piece 121.
2021/12/06 00:04:05: Peer 1001 received the  ‘have’ message from 1004 for the piece 149.
2021/12/06 00:04:05: Peer 1001 has the preferred neighbors 1002, 1003, 1004.
2021/12/06 00:04:05: Peer 1001 received the  ‘have’ message from 1002 for the piece 39.
2021/12/06 00:04:05: Peer 1001 received the  ‘have’ message from 1002 for the piece 89.
2021/12/06 00:04:05: Peer 1001 received the  ‘have’ message from 1003 for the piece 115.
2021/12/06 00:04:05: Peer 1001 received the  ‘have’ message from 1004 for the piece 190.
2021/12/06 00:04:05: Peer 1001 received the  ‘have’ message from 1002 for the piece 262.
2021/12/06 00:04:05: Peer 1001 received the  ‘have’ message from 1003 for the piece 14.
2021/12/06 00:04:05: Peer 1001 received the  ‘have’ message from 1004 for the piece 20.
2021/12/06 00:04:05: Peer 1001 received the  ‘have’ message from 1004 for the piece 31.
2021/12/06 00:04:05: Peer 1001 received the  ‘have’ message from 1003 for the piece 46.
2021/12/06 00:04:05: Peer 1001 received the  ‘have’ message from 1004 for the piece 120.
2021/12/06 00:04:05: Peer 1001 received the  ‘have’ message from 1002 for the piece 43.
2021/12/06 00:04:05: Peer 1001 received the  ‘have’ message from 1004 for the piece 102.
2021/12/06 00:04:05: Peer 1001 received the  ‘have’ message from 1003 for the piece 180.
2021/12/06 00:04:05: Peer 1001 received the  ‘have’ message from 1004 for the piece 8.
2021/12/06 00:04:05: Peer 1001 received the  ‘have’ message from 1002 for the piece 247.
2021/12/06 00:04:05: Peer 1001 received the  ‘have’ message from 1004 for the piece 155.
2021/12/06 00:04:05: Peer 1001 received the  ‘have’ message from 1003 for the piece 250.
2021/12/06 00:04:05: Peer 1001 received the  ‘have’ message from 1004 for the piece 111.
2021/12/06 00:04:05: Peer 1001 received the  ‘have’ message from 1002 for the piece 47.
2021/12/06 00:04:05: Peer 1001 received the  ‘have’ message from 1004 for the piece 267.
2021/12/06 00:04:05: Peer 1001 received the  ‘have’ message from 1003 for the piece 94.
2021/12/06 00:04:05: Peer 1001 received the  ‘have’ message from 1002 for the piece 184.
2021/12/06 00:04:05: Peer 1001 received the  ‘have’ message from 1004 for the piece 220.
2021/12/06 00:04:05: Peer 1001 received the  ‘have’ message from 1003 for the piece 190.
2021/12/06 00:04:05: Peer 1001 received the  ‘have’ message from 1004 for the piece 10.
2021/12/06 00:04:05: Peer 1001 received the  ‘have’ message from 1002 for the piece 206.
2021/12/06 00:04:05: Peer 1001 received the  ‘have’ message from 1003 for the piece 133.
2021/12/06 00:04:05: Peer 1001 received the  ‘have’ message from 1002 for the piece 149.
2021/12/06 00:04:06: Peer 1001 received the  ‘have’ message from 1004 for the piece 61.
2021/12/06 00:04:06: Peer 1001 received the  ‘have’ message from 1003 for the piece 237.
2021/12/06 00:04:06: Peer 1001 received the  ‘have’ message from 1002 for the piece 218.
2021/12/06 00:04:06: Peer 1001 received the  ‘have’ message from 1004 for the piece 39.
2021/12/06 00:04:06: Peer 1001 received the  ‘have’ message from 1004 for the piece 117.
2021/12/06 00:04:06: Peer 1001 received the  ‘have’ message from 1003 for the piece 104.
2021/12/06 00:04:06: Peer 1001 received the  ‘have’ message from 1002 for the piece 261.
2021/12/06 00:04:06: Peer 1001 received the  ‘have’ message from 1004 for the piece 51.
2021/12/06 00:04:06: Peer 1001 has the preferred neighbors 1002, 1003, 1004.
2021/12/06 00:04:06: Peer 1001 received the  ‘have’ message from 1003 for the piece 188.
2021/12/06 00:04:06: Peer 1001 received the  ‘have’ message from 1002 for the piece 159.
2021/12/06 00:04:06: Peer 1001 received the  ‘have’ message from 1004 for the piece 269.
2021/12/06 00:04:06: Peer 1001 received the  ‘have’ message from 1003 for the piece 117.
2021/12/06 00:04:06: Peer 1001 received the  ‘have’ message from 1002 for the piece 278.
2021/12/06 00:04:06: Peer 1001 received the  ‘have’ message from 1004 for the piece 143.
2021/12/06 00:04:06: Peer 1001 received the  ‘have’ message from 1004 for the piece 115.
2021/12/06 00:04:06: Peer 1001 received the  ‘have’ message from 1002 for the piece 161.
2021/12/06 00:04:06: Peer 1001 received the  ‘have’ message from 1003 for the piece 136.
2021/12/06 00:04:06: Peer 1001 received the  ‘have’ message from 1004 for the piece 212.
2021/12/06 00:04:06: Peer 1001 received the  ‘have’ message from 1003 for the piece 197.
2021/12/06 00:04:06: Peer 1001 received the  ‘have’ message from 1002 for the piece 3.
2021/12/06 00:04:06: Peer 1001 received the  ‘have’ message from 1004 for the piece 98.
2021/12/06 00:04:06: Peer 1001 received the  ‘have’ message from 1003 for the piece 269.
2021/12/06 00:04:06: Peer 1001 received the  ‘have’ message from 1004 for the piece 275.
2021/12/06 00:04:06: Peer 1001 received the  ‘have’ message from 1002 for the piece 15.
2021/12/06 00:04:06: Peer 1001 received the  ‘have’ message from 1003 for the piece 23.
2021/12/06 00:04:06: Peer 1001 received the  ‘have’ message from 1004 for the piece 250.
2021/12/06 00:04:06: Peer 1001 received the  ‘have’ message from 1003 for the piece 11.
2021/12/06 00:04:06: Peer 1001 received the  ‘have’ message from 1002 for the piece 44.
2021/12/06 00:04:06: Peer 1001 received the  ‘have’ message from 1004 for the piece 34.
2021/12/06 00:04:06: Peer 1001 received the  ‘have’ message from 1003 for the piece 95.
2021/12/06 00:04:06: Peer 1001 received the  ‘have’ message from 1004 for the piece 178.
2021/12/06 00:04:06: Peer 1001 received the  ‘have’ message from 1002 for the piece 6.
2021/12/06 00:04:06: Peer 1001 received the  ‘have’ message from 1003 for the piece 78.
2021/12/06 00:04:06: Peer 1001 received the  ‘have’ message from 1004 for the piece 187.
2021/12/06 00:04:06: Peer 1001 received the  ‘have’ message from 1002 for the piece 139.
2021/12/06 00:04:06: Peer 1001 received the  ‘have’ message from 1003 for the piece 276.
2021/12/06 00:04:07: Peer 1001 received the  ‘have’ message from 1004 for the piece 64.
2021/12/06 00:04:07: Peer 1001 received the  ‘have’ message from 1002 for the piece 264.
2021/12/06 00:04:07: Peer 1001 received the  ‘have’ message from 1003 for the piece 264.
2021/12/06 00:04:07: Peer 1001 received the  ‘have’ message from 1004 for the piece 232.
2021/12/06 00:04:07: Peer 1001 received the  ‘have’ message from 1002 for the piece 96.
2021/12/06 00:04:07: Peer 1001 received the  ‘have’ message from 1004 for the piece 241.
2021/12/06 00:04:07: Peer 1001 received the  ‘have’ message from 1003 for the piece 106.
2021/12/06 00:04:07: Peer 1001 has the preferred neighbors 1002, 1003, 1004.
2021/12/06 00:04:07: Peer 1001 received the  ‘have’ message from 1002 for the piece 84.
2021/12/06 00:04:07: Peer 1001 received the  ‘have’ message from 1004 for the piece 257.
2021/12/06 00:04:07: Peer 1001 received the  ‘have’ message from 1003 for the piece 229.
2021/12/06 00:04:07: Peer 1001 received the  ‘have’ message from 1002 for the piece 226.
2021/12/06 00:04:07: Peer 1001 received the  ‘have’ message from 1004 for the piece 56.
2021/12/06 00:04:07: Peer 1001 received the  ‘have’ message from 1004 for the piece 44.
2021/12/06 00:04:07: Peer 1001 received the  ‘have’ message from 1003 for the piece 271.
2021/12/06 00:04:07: Peer 1001 received the  ‘have’ message from 1002 for the piece 245.
2021/12/06 00:04:07: Peer 1001 received the  ‘have’ message from 1004 for the piece 253.
2021/12/06 00:04:07: Peer 1001 received the  ‘have’ message from 1003 for the piece 130.
2021/12/06 00:04:07: Peer 1001 received the  ‘have’ message from 1002 for the piece 32.
2021/12/06 00:04:07: Peer 1001 received the  ‘have’ message from 1004 for the piece 145.
2021/12/06 00:04:07: Peer 1001 received the  ‘have’ message from 1003 for the piece 252.
2021/12/06 00:04:07: Peer 1001 received the  ‘have’ message from 1002 for the piece 160.
2021/12/06 00:04:07: Peer 1001 received the  ‘have’ message from 1003 for the piece 146.
2021/12/06 00:04:07: Peer 1001 received the  ‘have’ message from 1004 for the piece 62.
2021/12/06 00:04:07: Peer 1001 received the  ‘have’ message from 1003 for the piece 119.
2021/12/06 00:04:07: Peer 1001 received the  ‘have’ message from 1002 for the piece 2.
2021/12/06 00:04:07: Peer 1001 received the  ‘have’ message from 1004 for the piece 210.
2021/12/06 00:04:07: Peer 1001 received the  ‘have’ message from 1003 for the piece 222.
2021/12/06 00:04:07: Peer 1001 received the  ‘have’ message from 1002 for the piece 256.
2021/12/06 00:04:07: Peer 1001 received the  ‘have’ message from 1004 for the piece 70.
2021/12/06 00:04:07: Peer 1001 received the  ‘have’ message from 1003 for the piece 7.
2021/12/06 00:04:07: Peer 1001 received the  ‘have’ message from 1002 for the piece 217.
2021/12/06 00:04:07: Peer 1001 received the  ‘have’ message from 1004 for the piece 276.
2021/12/06 00:04:07: Peer 1001 received the  ‘have’ message from 1003 for the piece 33.
2021/12/06 00:04:07: Peer 1001 received the  ‘have’ message from 1004 for the piece 126.
2021/12/06 00:04:07: Peer 1001 received the  ‘have’ message from 1002 for the piece 270.
2021/12/06 00:04:08: Peer 1001 received the  ‘have’ message from 1003 for the piece 179.
2021/12/06 00:04:08: Peer 1001 received the  ‘have’ message from 1004 for the piece 13.
2021/12/06 00:04:08: Peer 1001 received the  ‘have’ message from 1003 for the piece 126.
2021/12/06 00:04:08: Peer 1001 received the  ‘have’ message from 1002 for the piece 173.
2021/12/06 00:04:08: Peer 1001 received the  ‘have’ message from 1004 for the piece 55.
2021/12/06 00:04:08: Peer 1001 received the  ‘have’ message from 1002 for the piece 99.
2021/12/06 00:04:08: Peer 1001 received the  ‘have’ message from 1004 for the piece 263.
2021/12/06 00:04:08: Peer 1001 has the preferred neighbors 1002, 1003, 1004.
2021/12/06 00:04:08: Peer 1001 received the  ‘have’ message from 1003 for the piece 262.
2021/12/06 00:04:08: Peer 1001 received the  ‘have’ message from 1002 for the piece 153.
2021/12/06 00:04:08: Peer 1001 received the  ‘have’ message from 1004 for the piece 260.
2021/12/06 00:04:08: Peer 1001 received the  ‘have’ message from 1002 for the piece 8.
2021/12/06 00:04:08: Peer 1001 received the  ‘have’ message from 1003 for the piece 218.
2021/12/06 00:04:08: Peer 1001 received the  ‘have’ message from 1004 for the piece 0.
2021/12/06 00:04:08: Peer 1001 received the  ‘have’ message from 1003 for the piece 177.
2021/12/06 00:04:08: Peer 1001 received the  ‘have’ message from 1002 for the piece 201.
2021/12/06 00:04:08: Peer 1001 received the  ‘have’ message from 1004 for the piece 159.
2021/12/06 00:04:08: Peer 1001 received the  ‘have’ message from 1004 for the piece 191.
2021/12/06 00:04:08: Peer 1001 received the  ‘have’ message from 1003 for the piece 154.
2021/12/06 00:04:08: Peer 1001 received the  ‘have’ message from 1002 for the piece 133.
2021/12/06 00:04:08: Peer 1001 received the  ‘have’ message from 1004 for the piece 247.
2021/12/06 00:04:08: Peer 1001 received the  ‘have’ message from 1003 for the piece 247.
2021/12/06 00:04:08: Peer 1001 received the  ‘have’ message from 1002 for the piece 193.
2021/12/06 00:04:08: Peer 1001 received the  ‘have’ message from 1003 for the piece 26.
2021/12/06 00:04:08: Peer 1001 received the  ‘have’ message from 1004 for the piece 1.
2021/12/06 00:04:08: Peer 1001 received the  ‘have’ message from 1002 for the piece 190.
2021/12/06 00:04:08: Peer 1001 received the  ‘have’ message from 1003 for the piece 5.
2021/12/06 00:04:08: Peer 1001 received the  ‘have’ message from 1004 for the piece 228.
2021/12/06 00:04:08: Peer 1001 received the  ‘have’ message from 1003 for the piece 194.
2021/12/06 00:04:08: Peer 1001 received the  ‘have’ message from 1002 for the piece 167.
2021/12/06 00:04:08: Peer 1001 received the  ‘have’ message from 1004 for the piece 71.
2021/12/06 00:04:08: Peer 1001 received the  ‘have’ message from 1003 for the piece 246.
2021/12/06 00:04:09: Peer 1001 received the  ‘have’ message from 1003 for the piece 200.
2021/12/06 00:04:09: Peer 1001 received the  ‘have’ message from 1004 for the piece 60.
2021/12/06 00:04:09: Peer 1001 received the  ‘have’ message from 1002 for the piece 277.
2021/12/06 00:04:09: Peer 1001 received the  ‘have’ message from 1003 for the piece 67.
2021/12/06 00:04:09: Peer 1001 received the  ‘have’ message from 1003 for the piece 257.
2021/12/06 00:04:09: Peer 1001 received the  ‘have’ message from 1004 for the piece 112.
2021/12/06 00:04:09: Peer 1001 received the  ‘have’ message from 1002 for the piece 211.
2021/12/06 00:04:09: Peer 1001 received the  ‘have’ message from 1003 for the piece 259.
2021/12/06 00:04:09: Peer 1001 has the preferred neighbors 1002, 1003, 1004.
2021/12/06 00:04:09: Peer 1001 received the  ‘have’ message from 1003 for the piece 76.
2021/12/06 00:04:09: Peer 1001 received the  ‘have’ message from 1004 for the piece 96.
2021/12/06 00:04:09: Peer 1001 received the  ‘have’ message from 1002 for the piece 276.
2021/12/06 00:04:09: Peer 1001 received the  ‘have’ message from 1003 for the piece 73.
2021/12/06 00:04:09: Peer 1001 received the  ‘have’ message from 1004 for the piece 74.
2021/12/06 00:04:09: Peer 1001 received the  ‘have’ message from 1002 for the piece 121.
2021/12/06 00:04:09: Peer 1001 received the  ‘have’ message from 1003 for the piece 98.
2021/12/06 00:04:09: Peer 1001 received the  ‘have’ message from 1004 for the piece 75.
2021/12/06 00:04:09: Peer 1001 received the  ‘have’ message from 1002 for the piece 254.
2021/12/06 00:04:09: Peer 1001 received the  ‘have’ message from 1003 for the piece 210.
2021/12/06 00:04:09: Peer 1001 received the  ‘have’ message from 1003 for the piece 9.
2021/12/06 00:04:09: Peer 1001 received the  ‘have’ message from 1003 for the piece 162.
2021/12/06 00:04:09: Peer 1001 received the  ‘have’ message from 1002 for the piece 204.
2021/12/06 00:04:09: Peer 1001 received the  ‘have’ message from 1004 for the piece 5.
2021/12/06 00:04:09: Peer 1001 received the  ‘have’ message from 1004 for the piece 206.
2021/12/06 00:04:09: Peer 1001 received the  ‘have’ message from 1003 for the piece 182.
2021/12/06 00:04:09: Peer 1001 received the  ‘have’ message from 1002 for the piece 130.
2021/12/06 00:04:09: Peer 1001 received the  ‘have’ message from 1004 for the piece 32.
2021/12/06 00:04:09: Peer 1001 received the  ‘have’ message from 1003 for the piece 270.
2021/12/06 00:04:09: Peer 1001 received the  ‘have’ message from 1002 for the piece 81.
2021/12/06 00:04:09: Peer 1001 received the  ‘have’ message from 1004 for the piece 38.
2021/12/06 00:04:09: Peer 1001 received the  ‘have’ message from 1003 for the piece 55.
2021/12/06 00:04:10: Peer 1001 received the  ‘have’ message from 1002 for the piece 189.
2021/12/06 00:04:10: Peer 1001 received the  ‘have’ message from 1003 for the piece 107.
2021/12/06 00:04:10: Peer 1001 received the  ‘have’ message from 1004 for the piece 188.
2021/12/06 00:04:10: Peer 1001 received the  ‘have’ message from 1002 for the piece 134.
2021/12/06 00:04:10: Peer 1001 received the  ‘have’ message from 1004 for the piece 94.
2021/12/06 00:04:10: Peer 1001 received the ‘not interested’ message from 1003.
2021/12/06 00:04:10: Peer 1001 received the  ‘have’ message from 1004 for the piece 163.
2021/12/06 00:04:10: Peer 1001 received the  ‘have’ message from 1003 for the piece 211.
2021/12/06 00:04:10: Peer 1001 received the  ‘have’ message from 1002 for the piece 269.
2021/12/06 00:04:10: Peer 1001 has the preferred neighbors 1002, 1004.
2021/12/06 00:04:10: Peer 1001 received the  ‘have’ message from 1004 for the piece 208.
2021/12/06 00:04:10: Peer 1001 received the  ‘have’ message from 1004 for the piece 118.
2021/12/06 00:04:10: Peer 1001 received the  ‘have’ message from 1002 for the piece 131.
2021/12/06 00:04:10: Peer 1001 received the  ‘have’ message from 1004 for the piece 104.
2021/12/06 00:04:10: Peer 1001 received the  ‘have’ message from 1002 for the piece 171.
2021/12/06 00:04:10: Peer 1001 received the  ‘have’ message from 1004 for the piece 43.
2021/12/06 00:04:10: Peer 1001 received the  ‘have’ message from 1002 for the piece 260.
2021/12/06 00:04:10: Peer 1001 received the  ‘have’ message from 1004 for the piece 185.
2021/12/06 00:04:10: Peer 1001 received the ‘not interested’ message from 1002.
2021/12/06 00:04:10: Peer 1001 received the  ‘have’ message from 1002 for the piece 7.
2021/12/06 00:04:10: Peer 1001 received the  ‘have’ message from 1004 for the piece 262.
2021/12/06 00:04:10: Peer 1001 received the  ‘have’ message from 1004 for the piece 37.
2021/12/06 00:04:11: Peer 1001 received the ‘not interested’ message from 1004.
2021/12/06 00:04:11: Peer 1001 received the  ‘have’ message from 1004 for the piece 132.
2021/12/06 00:04:11: Peer 1001 has the preferred neighbors .
